[    0.000000] Linux version 4.15.0-212-generic (buildd@lcy02-amd64-083) (gcc version 7.5.0 (Ubuntu 7.5.0-3ubuntu1~18.04)) #223-Ubuntu SMP Tue May 23 13:09:22 UTC 2023 (Ubuntu 4.15.0-212.223-generic 4.15.18)
[    0.000000] Command line: BOOT_IMAGE=/boot/vmlinuz-4.15.0-212-generic root=LABEL=cloudimg-rootfs ro console=tty1 console=ttyS0
[    0.000000] KERNEL supported cpus:
[    0.000000]   Intel GenuineIntel
[    0.000000]   AMD AuthenticAMD
[    0.000000]   Centaur CentaurHauls
[    0.000000] x86/fpu: Supporting XSAVE feature 0x001: 'x87 floating point registers'
[    0.000000] x86/fpu: Supporting XSAVE feature 0x002: 'SSE registers'
[    0.000000] x86/fpu: Supporting XSAVE feature 0x004: 'AVX registers'
[    0.000000] x86/fpu: xstate_offset[2]:  576, xstate_sizes[2]:  256
[    0.000000] x86/fpu: Enabled xstate features 0x7, context size is 832 bytes, using 'standard' format.
[    0.000000] e820: BIOS-provided physical RAM map:
[    0.000000] BIOS-e820: [mem 0x0000000000000000-0x000000000009fbff] usable
[    0.000000] BIOS-e820: [mem 0x000000000009fc00-0x000000000009ffff] reserved
[    0.000000] BIOS-e820: [mem 0x00000000000f0000-0x00000000000fffff] reserved
[    0.000000] BIOS-e820: [mem 0x0000000000100000-0x000000003ffeffff] usable
[    0.000000] BIOS-e820: [mem 0x000000003fff0000-0x000000003fffffff] ACPI data
[    0.000000] BIOS-e820: [mem 0x00000000fec00000-0x00000000fec00fff] reserved
[    0.000000] BIOS-e820: [mem 0x00000000fee00000-0x00000000fee00fff] reserved
[    0.000000] BIOS-e820: [mem 0x00000000fffc0000-0x00000000ffffffff] reserved
[    0.000000] NX (Execute Disable) protection: active
[    0.000000] SMBIOS 2.5 present.
[    0.000000] DMI: innotek GmbH VirtualBox/VirtualBox, BIOS VirtualBox 12/01/2006
[    0.000000] Hypervisor detected: KVM
[    0.000000] e820: last_pfn = 0x3fff0 max_arch_pfn = 0x400000000
[    0.000000] MTRR: Disabled
[    0.000000] x86/PAT: MTRRs disabled, skipping PAT initialization too.
[    0.000000] CPU MTRRs all blank - virtualized system.
[    0.000000] x86/PAT: Configuration [0-7]: WB  WT  UC- UC  WB  WT  UC- UC  
[    0.000000] found SMP MP-table at [mem 0x0009fff0-0x0009ffff]
[    0.000000] Scanning 1 areas for low memory corruption
[    0.000000] RAMDISK: [mem 0x359cb000-0x36cdcfff]
[    0.000000] ACPI: Early table checksum verification disabled
[    0.000000] ACPI: RSDP 0x00000000000E0000 000024 (v02 VBOX  )
[    0.000000] ACPI: XSDT 0x000000003FFF0030 00003C (v01 VBOX   VBOXXSDT 00000001 ASL  00000061)
[    0.000000] ACPI: FACP 0x000000003FFF00F0 0000F4 (v04 VBOX   VBOXFACP 00000001 ASL  00000061)
[    0.000000] ACPI: DSDT 0x000000003FFF0610 002353 (v02 VBOX   VBOXBIOS 00000002 INTL 20230628)
[    0.000000] ACPI: FACS 0x000000003FFF0200 000040
[    0.000000] ACPI: FACS 0x000000003FFF0200 000040
[    0.000000] ACPI: APIC 0x000000003FFF0240 00005C (v02 VBOX   VBOXAPIC 00000001 ASL  00000061)
[    0.000000] ACPI: SSDT 0x000000003FFF02A0 00036C (v01 VBOX   VBOXCPUT 00000002 INTL 20230628)
[    0.000000] ACPI: Reserving FACP table memory at [mem 0x3fff00f0-0x3fff01e3]
[    0.000000] ACPI: Reserving DSDT table memory at [mem 0x3fff0610-0x3fff2962]
[    0.000000] ACPI: Reserving FACS table memory at [mem 0x3fff0200-0x3fff023f]
[    0.000000] ACPI: Reserving FACS table memory at [mem 0x3fff0200-0x3fff023f]
[    0.000000] ACPI: Reserving APIC table memory at [mem 0x3fff0240-0x3fff029b]
[    0.000000] ACPI: Reserving SSDT table memory at [mem 0x3fff02a0-0x3fff060b]
[    0.000000] No NUMA configuration found
[    0.000000] Faking a node at [mem 0x0000000000000000-0x000000003ffeffff]
[    0.000000] NODE_DATA(0) allocated [mem 0x3ffc5000-0x3ffeffff]
[    0.000000] kvm-clock: cpu 0, msr 0:3ff44001, primary cpu clock
[    0.000000] kvm-clock: Using msrs 4b564d01 and 4b564d00
<<<<<<< HEAD
[    0.000000] kvm-clock: using sched offset of 3092484391 cycles
=======
[    0.000000] kvm-clock: using sched offset of 3025127228 cycles
>>>>>>> b94a63d8719b67a2f69c37363108d48907018c3e
[    0.000000] clocksource: kvm-clock: mask: 0xffffffffffffffff max_cycles: 0x1cd42e4dffb, max_idle_ns: 881590591483 ns
[    0.000000] Zone ranges:
[    0.000000]   DMA      [mem 0x0000000000001000-0x0000000000ffffff]
[    0.000000]   DMA32    [mem 0x0000000001000000-0x000000003ffeffff]
[    0.000000]   Normal   empty
[    0.000000]   Device   empty
[    0.000000] Movable zone start for each node
[    0.000000] Early memory node ranges
[    0.000000]   node   0: [mem 0x0000000000001000-0x000000000009efff]
[    0.000000]   node   0: [mem 0x0000000000100000-0x000000003ffeffff]
[    0.000000] Reserved but unavailable: 104 pages
[    0.000000] Initmem setup node 0 [mem 0x0000000000001000-0x000000003ffeffff]
[    0.000000] ACPI: PM-Timer IO Port: 0x4008
[    0.000000] IOAPIC[0]: apic_id 2, version 32, address 0xfec00000, GSI 0-23
[    0.000000] ACPI: INT_SRC_OVR (bus 0 bus_irq 0 global_irq 2 dfl dfl)
[    0.000000] ACPI: INT_SRC_OVR (bus 0 bus_irq 9 global_irq 9 low level)
[    0.000000] Using ACPI (MADT) for SMP configuration information
[    0.000000] smpboot: Allowing 2 CPUs, 0 hotplug CPUs
[    0.000000] PM: Registered nosave memory: [mem 0x00000000-0x00000fff]
[    0.000000] PM: Registered nosave memory: [mem 0x0009f000-0x0009ffff]
[    0.000000] PM: Registered nosave memory: [mem 0x000a0000-0x000effff]
[    0.000000] PM: Registered nosave memory: [mem 0x000f0000-0x000fffff]
[    0.000000] e820: [mem 0x40000000-0xfebfffff] available for PCI devices
[    0.000000] Booting paravirtualized kernel on KVM
[    0.000000] clocksource: refined-jiffies: mask: 0xffffffff max_cycles: 0xffffffff, max_idle_ns: 7645519600211568 ns
[    0.000000] setup_percpu: NR_CPUS:8192 nr_cpumask_bits:2 nr_cpu_ids:2 nr_node_ids:1
[    0.000000] percpu: Embedded 50 pages/cpu s167936 r8192 d28672 u1048576
[    0.000000] PV qspinlock hash table entries: 256 (order: 0, 4096 bytes)
[    0.000000] Built 1 zonelists, mobility grouping on.  Total pages: 257913
[    0.000000] Policy zone: DMA32
[    0.000000] Kernel command line: BOOT_IMAGE=/boot/vmlinuz-4.15.0-212-generic root=LABEL=cloudimg-rootfs ro console=tty1 console=ttyS0
[    0.000000] Memory: 982644K/1048120K available (12300K kernel code, 2477K rwdata, 4324K rodata, 2480K init, 2720K bss, 65476K reserved, 0K cma-reserved)
[    0.000000] SLUB: HWalign=64, Order=0-3, MinObjects=0, CPUs=2, Nodes=1
[    0.000000] Kernel/User page tables isolation: enabled
[    0.000000] ftrace: allocating 39508 entries in 155 pages
[    0.004000] Hierarchical RCU implementation.
[    0.004000] 	RCU restricting CPUs from NR_CPUS=8192 to nr_cpu_ids=2.
[    0.004000] 	Tasks RCU enabled.
[    0.004000] RCU: Adjusting geometry for rcu_fanout_leaf=16, nr_cpu_ids=2
[    0.004000] NR_IRQS: 524544, nr_irqs: 440, preallocated irqs: 16
[    0.004000] random: crng init done
[    0.004000] Console: colour VGA+ 80x25
[    0.004000] console [tty1] enabled
[    0.004000] console [ttyS0] enabled
[    0.004000] ACPI: Core revision 20170831
[    0.004000] ACPI: 2 ACPI AML tables successfully acquired and loaded
[    0.004000] APIC: Switch to symmetric I/O mode setup
[    0.004000] x2apic enabled
[    0.004000] Switched APIC routing to physical x2apic.
[    0.004000] ..TIMER: vector=0x30 apic1=0 pin1=2 apic2=-1 pin2=-1
<<<<<<< HEAD
[    0.004004] tsc: Detected 2208.004 MHz processor
[    0.005086] Calibrating delay loop (skipped) preset value.. 4416.00 BogoMIPS (lpj=8832016)
[    0.008003] pid_max: default: 32768 minimum: 301
[    0.009481] Security Framework initialized
[    0.010431] Yama: becoming mindful.
[    0.011681] AppArmor: AppArmor initialized
[    0.012043] Dentry cache hash table entries: 131072 (order: 8, 1048576 bytes)
[    0.016055] Inode-cache hash table entries: 65536 (order: 7, 524288 bytes)
[    0.017536] Mount-cache hash table entries: 2048 (order: 2, 16384 bytes)
[    0.018984] Mountpoint-cache hash table entries: 2048 (order: 2, 16384 bytes)
[    0.020265] Last level iTLB entries: 4KB 64, 2MB 8, 4MB 8
[    0.021490] Last level dTLB entries: 4KB 64, 2MB 0, 4MB 0, 1GB 4
[    0.024005] Spectre V1 : Mitigation: usercopy/swapgs barriers and __user pointer sanitization
[    0.025863] Spectre V2 : Mitigation: Retpolines
[    0.026917] Spectre V2 : Spectre v2 / SpectreRSB mitigation: Filling RSB on context switch
[    0.028002] Spectre V2 : Spectre v2 / SpectreRSB : Filling RSB on VMEXIT
[    0.030522] RETBleed: WARNING: Spectre v2 mitigation leaves CPU vulnerable to RETBleed attacks, data leaks possible!
[    0.032010] RETBleed: Vulnerable
[    0.036006] Speculative Store Bypass: Vulnerable
[    0.037174] MDS: Mitigation: Clear CPU buffers
[    0.038185] MMIO Stale Data: Mitigation: Clear CPU buffers
[    0.040004] SRBDS: Unknown: Dependent on hypervisor status
[    0.041408] Freeing SMP alternatives memory: 36K
[    0.152420] smpboot: CPU0: Intel(R) Core(TM) i3-8130U CPU @ 2.20GHz (family: 0x6, model: 0x8e, stepping: 0xa)
[    0.155389] Performance Events: unsupported p6 CPU model 142 no PMU driver, software events only.
[    0.156035] Hierarchical SRCU implementation.
[    0.157638] NMI watchdog: Perf event create on CPU 0 failed with -2
[    0.160005] NMI watchdog: Perf NMI watchdog permanently disabled
[    0.164068] smp: Bringing up secondary CPUs ...
[    0.168155] x86: Booting SMP configuration:
[    0.169243] .... node  #0, CPUs:      #1
[    0.004000] kvm-clock: cpu 1, msr 0:3ff44041, secondary cpu clock
[    0.172020] smp: Brought up 1 node, 2 CPUs
[    0.173092] smpboot: Max logical packages: 1
[    0.176004] smpboot: Total of 2 processors activated (8832.01 BogoMIPS)
[    0.177765] devtmpfs: initialized
[    0.180088] x86/mm: Memory block size: 128MB
[    0.182028] evm: security.selinux
[    0.184009] evm: security.SMACK64
[    0.184954] evm: security.SMACK64EXEC
[    0.186122] evm: security.SMACK64TRANSMUTE
[    0.187199] evm: security.SMACK64MMAP
[    0.188003] evm: security.apparmor
[    0.188878] evm: security.ima
[    0.189640] evm: security.capability
[    0.190642] clocksource: jiffies: mask: 0xffffffff max_cycles: 0xffffffff, max_idle_ns: 7645041785100000 ns
[    0.192014] futex hash table entries: 512 (order: 3, 32768 bytes)
[    0.196077] pinctrl core: initialized pinctrl subsystem
[    0.198171] RTC time: 14:12:55, date: 09/30/23
[    0.200200] NET: Registered protocol family 16
[    0.201552] audit: initializing netlink subsys (disabled)
[    0.204036] audit: type=2000 audit(1696083179.871:1): state=initialized audit_enabled=0 res=1
[    0.206024] cpuidle: using governor ladder
[    0.206024] cpuidle: using governor menu
[    0.208066] ACPI: bus type PCI registered
[    0.208952] acpiphp: ACPI Hot Plug PCI Controller Driver version: 0.5
[    0.210497] PCI: Using configuration type 1 for base access
[    0.213429] HugeTLB registered 2.00 MiB page size, pre-allocated 0 pages
[    0.216093] ACPI: Added _OSI(Module Device)
[    0.218215] ACPI: Added _OSI(Processor Device)
[    0.219364] ACPI: Added _OSI(3.0 _SCP Extensions)
[    0.220007] ACPI: Added _OSI(Processor Aggregator Device)
[    0.221199] ACPI: Added _OSI(Linux-Dell-Video)
[    0.222326] ACPI: Added _OSI(Linux-Lenovo-NV-HDMI-Audio)
[    0.224003] ACPI: Added _OSI(Linux-HPI-Hybrid-Graphics)
[    0.225422] ACPI: Executed 1 blocks of module-level executable AML code
[    0.231745] ACPI: Interpreter enabled
[    0.232025] ACPI: (supports S0 S5)
[    0.233567] ACPI: Using IOAPIC for interrupt routing
[    0.235163] PCI: Using host bridge windows from ACPI; if necessary, use "pci=nocrs" and report a bug
[    0.236000] ACPI: Enabled 2 GPEs in block 00 to 07
[    0.245622] ACPI: PCI Root Bridge [PCI0] (domain 0000 [bus 00-ff])
[    0.247157] acpi PNP0A03:00: _OSC: OS supports [ASPM ClockPM Segments MSI]
[    0.248744] acpi PNP0A03:00: _OSC: not requesting OS control; OS requires [ExtendedConfig ASPM ClockPM MSI]
[    0.252024] acpi PNP0A03:00: fail to add MMCONFIG information, can't access extended PCI configuration space under this bridge.
[    0.256385] PCI host bridge to bus 0000:00
[    0.260004] pci_bus 0000:00: root bus resource [io  0x0000-0x0cf7 window]
[    0.262467] pci_bus 0000:00: root bus resource [io  0x0d00-0xffff window]
[    0.264006] pci_bus 0000:00: root bus resource [mem 0x000a0000-0x000bffff window]
[    0.265619] pci_bus 0000:00: root bus resource [mem 0x40000000-0xfdffffff window]
[    0.268003] pci_bus 0000:00: root bus resource [bus 00-ff]
[    0.271299] pci 0000:00:01.1: legacy IDE quirk: reg 0x10: [io  0x01f0-0x01f7]
[    0.272008] pci 0000:00:01.1: legacy IDE quirk: reg 0x14: [io  0x03f6]
[    0.276003] pci 0000:00:01.1: legacy IDE quirk: reg 0x18: [io  0x0170-0x0177]
[    0.278794] pci 0000:00:01.1: legacy IDE quirk: reg 0x1c: [io  0x0376]
[    0.294481] pci 0000:00:07.0: quirk: [io  0x4000-0x403f] claimed by PIIX4 ACPI
[    0.296021] pci 0000:00:07.0: quirk: [io  0x4100-0x410f] claimed by PIIX4 SMB
[    0.316829] ACPI: PCI Interrupt Link [LNKA] (IRQs 5 9 10 *11)
[    0.320529] ACPI: PCI Interrupt Link [LNKB] (IRQs 5 9 *10 11)
[    0.324142] ACPI: PCI Interrupt Link [LNKC] (IRQs 5 *9 10 11)
[    0.326061] ACPI: PCI Interrupt Link [LNKD] (IRQs 5 9 10 *11)
[    0.328458] SCSI subsystem initialized
[    0.332073] pci 0000:00:02.0: vgaarb: setting as boot VGA device
[    0.336000] pci 0000:00:02.0: vgaarb: VGA device added: decodes=io+mem,owns=io+mem,locks=none
[    0.336017] pci 0000:00:02.0: vgaarb: bridge control possible
[    0.340003] vgaarb: loaded
[    0.340914] ACPI: bus type USB registered
[    0.342417] usbcore: registered new interface driver usbfs
[    0.344029] usbcore: registered new interface driver hub
[    0.348024] usbcore: registered new device driver usb
[    0.353178] EDAC MC: Ver: 3.0.0
[    0.356123] PCI: Using ACPI for IRQ routing
[    0.357915] NetLabel: Initializing
[    0.359682] NetLabel:  domain hash size = 128
[    0.360006] NetLabel:  protocols = UNLABELED CIPSOv4 CALIPSO
[    0.364030] NetLabel:  unlabeled traffic allowed by default
[    0.368154] clocksource: Switched to clocksource kvm-clock
[    0.380151] VFS: Disk quotas dquot_6.6.0
[    0.380151] VFS: Dquot-cache hash table entries: 512 (order 0, 4096 bytes)
[    0.395688] AppArmor: AppArmor Filesystem Enabled
[    0.397161] pnp: PnP ACPI init
[    0.400003] pnp: PnP ACPI: found 3 devices
[    0.412967] clocksource: acpi_pm: mask: 0xffffff max_cycles: 0xffffff, max_idle_ns: 2085701024 ns
[    0.417757] NET: Registered protocol family 2
[    0.419075] IP idents hash table entries: 16384 (order: 5, 131072 bytes)
[    0.421441] TCP established hash table entries: 8192 (order: 4, 65536 bytes)
[    0.424829] TCP bind hash table entries: 8192 (order: 5, 131072 bytes)
[    0.426668] TCP: Hash tables configured (established 8192 bind 8192)
[    0.428384] UDP hash table entries: 512 (order: 2, 16384 bytes)
[    0.429764] UDP-Lite hash table entries: 512 (order: 2, 16384 bytes)
[    0.431472] NET: Registered protocol family 1
[    0.432340] pci 0000:00:00.0: Limiting direct PCI/PCI transfers
[    0.432340] pci 0000:00:01.0: Activating ISA DMA hang workarounds
[    0.432340] pci 0000:00:02.0: Video device with shadowed ROM at [mem 0x000c0000-0x000dffff]
[    0.440994] Unpacking initramfs...
[    0.731761] Freeing initrd memory: 19528K
[    0.733772] clocksource: tsc: mask: 0xffffffffffffffff max_cycles: 0x1fd3bc108c2, max_idle_ns: 440795311349 ns
[    0.738670] platform rtc_cmos: registered platform RTC device (no PNP device found)
[    0.741467] Scanning for low memory corruption every 60 seconds
[    0.744451] Initialise system trusted keyrings
[    0.746053] Key type blacklist registered
[    0.747097] workingset: timestamp_bits=36 max_order=18 bucket_order=0
[    0.749841] zbud: loaded
[    0.751423] squashfs: version 4.0 (2009/01/31) Phillip Lougher
[    0.753088] fuse init (API version 7.26)
[    0.756428] Key type asymmetric registered
[    0.757633] Asymmetric key parser 'x509' registered
[    0.758925] Block layer SCSI generic (bsg) driver version 0.4 loaded (major 246)
[    0.760912] io scheduler noop registered
[    0.761952] io scheduler deadline registered
[    0.762985] io scheduler cfq registered (default)
[    0.764363] ACPI: AC Adapter [AC] (on-line)
[    0.765602] input: Power Button as /devices/LNXSYSTM:00/LNXPWRBN:00/input/input0
[    0.767638] ACPI: Power Button [PWRF]
[    0.768794] input: Sleep Button as /devices/LNXSYSTM:00/LNXSLPBN:00/input/input1
[    0.770704] ACPI: Sleep Button [SLPF]
[    0.773113] ACPI: Battery Slot [BAT0] (battery present)
[    0.774962] Serial: 8250/16550 driver, 32 ports, IRQ sharing enabled
[    0.797082] 00:02: ttyS0 at I/O 0x3f8 (irq = 4, base_baud = 115200) is a 16550A
[    0.802093] Linux agpgart interface v0.103
[    0.806143] loop: module loaded
[    0.808404] scsi host0: ata_piix
[    0.809353] scsi host1: ata_piix
[    0.810258] ata1: PATA max UDMA/33 cmd 0x1f0 ctl 0x3f6 bmdma 0xd000 irq 14
[    0.811786] ata2: PATA max UDMA/33 cmd 0x170 ctl 0x376 bmdma 0xd008 irq 15
[    0.813444] tun: Universal TUN/TAP device driver, 1.6
[    0.814765] PPP generic driver version 2.4.2
[    0.816652] ehci_hcd: USB 2.0 'Enhanced' Host Controller (EHCI) Driver
[    0.819604] ehci-pci: EHCI PCI platform driver
[    0.821366] ehci-platform: EHCI generic platform driver
[    0.823190] ohci_hcd: USB 1.1 'Open' Host Controller (OHCI) Driver
[    0.825195] ohci-pci: OHCI PCI platform driver
[    0.827053] ohci-platform: OHCI generic platform driver
[    0.828918] uhci_hcd: USB Universal Host Controller Interface driver
[    0.830528] i8042: PNP: PS/2 Controller [PNP0303:PS2K,PNP0f03:PS2M] at 0x60,0x64 irq 1,12
[    0.833805] serio: i8042 KBD port at 0x60,0x64 irq 1
[    0.836274] serio: i8042 AUX port at 0x60,0x64 irq 12
[    0.839315] mousedev: PS/2 mouse device common for all mice
[    0.841460] input: AT Translated Set 2 keyboard as /devices/platform/i8042/serio0/input/input2
[    0.843555] rtc_cmos rtc_cmos: rtc core: registered rtc_cmos as rtc0
[    0.844988] rtc_cmos rtc_cmos: alarms up to one day, 114 bytes nvram
[    0.846370] i2c /dev entries driver
[    0.847264] device-mapper: uevent: version 1.0.3
[    0.848565] device-mapper: ioctl: 4.37.0-ioctl (2017-09-20) initialised: dm-devel@redhat.com
[    0.852060] ledtrig-cpu: registered to indicate activity on CPUs
[    0.854809] NET: Registered protocol family 10
[    0.859858] Segment Routing with IPv6
[    0.860843] NET: Registered protocol family 17
[    0.862104] Key type dns_resolver registered
[    0.863299] mce: Using 0 MCE banks
[    0.864127] RAS: Correctable Errors collector initialized.
[    0.867247] sched_clock: Marking stable (864114428, 0)->(1074100546, -209986118)
[    0.870577] registered taskstats version 1
[    0.872301] Loading compiled-in X.509 certificates
[    0.875966] Loaded X.509 cert 'Build time autogenerated kernel key: b5b26778eaa3ab3a4a6cee031137706e947d12ad'
[    0.879463] Loaded X.509 cert 'Canonical Ltd. Live Patch Signing: 14df34d1a87cf37625abec039ef2bf521249b969'
[    0.883352] Loaded X.509 cert 'Canonical Ltd. Kernel Module Signing: 88f752e560a1e0737e31163a466ad7b70a850c19'
[    0.887127] blacklist: Loading compiled-in revocation X.509 certificates
[    0.890462] Loaded X.509 cert 'Canonical Ltd. Secure Boot Signing: 61482aa2830d0ab2ad5af10b7250da9033ddcef0'
[    0.892769] Loaded X.509 cert 'Canonical Ltd. Secure Boot Signing (2017): 242ade75ac4a15e50d50c84b0d45ff3eae707a03'
[    0.895159] Loaded X.509 cert 'Canonical Ltd. Secure Boot Signing (ESM 2018): 365188c1d374d6b07c3c8f240f8ef722433d6a8b'
[    0.897521] Loaded X.509 cert 'Canonical Ltd. Secure Boot Signing (2019): c0746fd6c5da3ae827864651ad66ae47fe24b3e8'
[    0.899805] Loaded X.509 cert 'Canonical Ltd. Secure Boot Signing (2021 v1): a8d54bbb3825cfb94fa13c9f8a594a195c107b8d'
[    0.904834] Loaded X.509 cert 'Canonical Ltd. Secure Boot Signing (2021 v2): 4cf046892d6fd3c9a5b03f98d845f90851dc6a8c'
[    0.908012] Loaded X.509 cert 'Canonical Ltd. Secure Boot Signing (2021 v3): 100437bb6de6e469b581e61cd66bce3ef4ed53af'
[    0.910650] Loaded X.509 cert 'Canonical Ltd. Secure Boot Signing (Ubuntu Core 2019): c1d57b8f6b743f23ee41f4f7ee292f06eecadfb9'
[    0.913180] zswap: loaded using pool lzo/zbud
[    0.918908] Key type big_key registered
[    0.920491] Key type trusted registered
[    0.924337] Key type encrypted registered
[    0.925932] AppArmor: AppArmor sha1 policy hashing enabled
[    0.927348] ima: No TPM chip found, activating TPM-bypass! (rc=-19)
[    0.928789] ima: Allocated hash algorithm: sha1
[    0.929941] evm: HMAC attrs: 0x1
[    0.930918]   Magic number: 7:925:233
[    0.933142] rtc_cmos rtc_cmos: setting system clock to 2023-09-30 14:12:56 UTC (1696083176)
[    0.935256] BIOS EDD facility v0.16 2004-Jun-25, 0 devices found
[    0.936873] EDD information not available.
[    1.019069] Freeing unused kernel image memory: 2480K
[    1.035412] Write protecting the kernel read-only data: 20480k
[    1.053131] Freeing unused kernel image memory: 2008K
[    1.063578] Freeing unused kernel image memory: 1820K
[    1.097631] x86/mm: Checked W+X mappings: passed, no W+X pages found.
[    1.100324] x86/mm: Checking user space page tables
[    1.114728] x86/mm: Checked W+X mappings: passed, no W+X pages found.
Loading, please wait...
starting version 237
[    1.198986] e1000: Intel(R) PRO/1000 Network Driver - version 7.3.21-k8-NAPI
[    1.200690] e1000: Copyright (c) 1999-2006 Intel Corporation.
[    1.203916] Fusion MPT base driver 3.04.20
[    1.204946] Copyright (c) 1999-2008 LSI Corporation
[    1.227556] Fusion MPT SPI Host driver 3.04.20
[    1.230538] AVX2 version of gcm_enc/dec engaged.
[    1.231747] AES CTR mode by8 optimization enabled
[    1.421793] input: ImExPS/2 Generic Explorer Mouse as /devices/platform/i8042/serio1/input/input4
[    1.631559] e1000 0000:00:03.0 eth0: (PCI:33MHz:32-bit) 02:3b:7b:b7:3b:2d
[    1.634462] e1000 0000:00:03.0 eth0: Intel(R) PRO/1000 Network Connection
[    2.031423] e1000 0000:00:08.0 eth1: (PCI:33MHz:32-bit) 08:00:27:92:a2:3e
[    2.034281] e1000 0000:00:08.0 eth1: Intel(R) PRO/1000 Network Connection
[    2.040258] e1000 0000:00:03.0 enp0s3: renamed from eth0
[    2.041828] mptbase: ioc0: Initiating bringup
[    2.061041] e1000 0000:00:08.0 enp0s8: renamed from eth1
[    2.651811] ioc0: LSI53C1030 A0: Capabilities={Initiator}
[    4.208505] scsi host2: ioc0: LSI53C1030 A0, FwRev=00000000h, Ports=1, MaxQ=256, IRQ=20
[    5.749950] scsi 2:0:0:0: Direct-Access     VBOX     HARDDISK         1.0  PQ: 0 ANSI: 5
[    6.658781] scsi target2:0:0: Beginning Domain Validation
[    6.674371] scsi target2:0:0: Domain Validation skipping write tests
[    6.683663] scsi target2:0:0: Ending Domain Validation
[    6.689334] scsi target2:0:0: asynchronous
[    6.694786] scsi 2:0:1:0: Direct-Access     VBOX     HARDDISK         1.0  PQ: 0 ANSI: 5
[    7.376072] scsi target2:0:1: Beginning Domain Validation
[    7.382572] scsi target2:0:1: Domain Validation skipping write tests
[    7.387761] scsi target2:0:1: Ending Domain Validation
[    7.393682] scsi target2:0:1: asynchronous
[    7.404593] sd 2:0:0:0: Attached scsi generic sg0 type 0
[    7.407366] sd 2:0:0:0: [sda] 83886080 512-byte logical blocks: (42.9 GB/40.0 GiB)
[    7.409576] sd 2:0:1:0: Attached scsi generic sg1 type 0
[    7.412828] sd 2:0:0:0: [sda] Write Protect is off
[    7.415034] sd 2:0:1:0: [sdb] 20480 512-byte logical blocks: (10.5 MB/10.0 MiB)
[    7.418188] sd 2:0:0:0: [sda] Incomplete mode parameter data
[    7.419755] sd 2:0:0:0: [sda] Assuming drive cache: write through
[    7.421583] sd 2:0:1:0: [sdb] Write Protect is off
[    7.424153] sd 2:0:1:0: [sdb] Incomplete mode parameter data
[    7.426027] sd 2:0:1:0: [sdb] Assuming drive cache: write through
[    7.436484]  sda: sda1
[    7.439164] sd 2:0:0:0: [sda] Attached SCSI disk
[    7.441582] sd 2:0:1:0: [sdb] Attached SCSI disk
Begin: Loading essential drivers ... [    9.168020] raid6: sse2x1   gen() 10565 MB/s
[    9.216246] raid6: sse2x1   xor()  7049 MB/s
[    9.265583] raid6: sse2x2   gen() 12869 MB/s
[    9.324275] raid6: sse2x2   xor()  7710 MB/s
[    9.372336] raid6: sse2x4   gen() 13975 MB/s
[    9.432028] raid6: sse2x4   xor() 10660 MB/s
[    9.480096] raid6: avx2x1   gen() 20407 MB/s
[    9.528012] raid6: avx2x1   xor() 15721 MB/s
[    9.576111] raid6: avx2x2   gen() 27374 MB/s
[    9.627713] raid6: avx2x2   xor() 19188 MB/s
[    9.683976] raid6: avx2x4   gen() 32611 MB/s
[    9.736439] raid6: avx2x4   xor() 13565 MB/s
[    9.738456] raid6: using algorithm avx2x4 gen() 32611 MB/s
[    9.741557] raid6: .... xor() 13565 MB/s, rmw enabled
[    9.743126] raid6: using avx2x2 recovery algorithm
[    9.747083] xor: automatically using best checksumming function   avx       
[    9.751881] async_tx: api initialized (async)
done.
Begin: Running /scripts/init-premount ... done.
Begin: Mounting root file system ... Begin: Running /scripts/local-top ... done.
Begin: Running /scripts/local-premount ... [    9.841562] Btrfs loaded, crc32c=crc32c-intel
Scanning for Btrfs filesystems
done.
Warning: fsck not present, so skipping root file system
[    9.881336] EXT4-fs (sda1): INFO: recovery required on readonly filesystem
[    9.884619] EXT4-fs (sda1): write access will be enabled during recovery
[    9.967131] EXT4-fs (sda1): orphan cleanup on readonly fs
[    9.971493] EXT4-fs (sda1): 6 orphan inodes deleted
[    9.973772] EXT4-fs (sda1): recovery complete
[    9.980143] EXT4-fs (sda1): mounted filesystem with ordered data mode. Opts: (null)
done.
Begin: Running /scripts/local-bottom ... done.
Begin: Running /scripts/init-bottom ... done.
[   10.160406] ip_tables: (C) 2000-2006 Netfilter Core Team
[   10.172339] systemd[1]: systemd 237 running in system mode. (+PAM +AUDIT +SELINUX +IMA +APPARMOR +SMACK +SYSVINIT +UTMP +LIBCRYPTSETUP +GCRYPT +GNUTLS +ACL +XZ +LZ4 +SECCOMP +BLKID +ELFUTILS +KMOD -IDN2 +IDN -PCRE2 default-hierarchy=hybrid)
[   10.178734] systemd[1]: Detected virtualization oracle.
[   10.180325] systemd[1]: Detected architecture x86-64.

Welcome to [1mUbuntu 18.04.6 LTS[0m!

[   10.188677] systemd[1]: Set hostname to <ubuntu-bionic>.
[   10.538854] systemd[1]: Started Forward Password Requests to Wall Directory Watch.
[[0;32m  OK  [0m] Started Forward Password Requests to Wall Directory Watch.
[   10.542176] systemd[1]: Reached target Mounting snaps.
[[0;32m  OK  [0m] Reached target Mounting snaps.
[   10.544518] systemd[1]: Reached target Mounted snaps.
[[0;32m  OK  [0m] Reached target Mounted snaps.
[   10.688771] systemd[1]: Created slice System Slice.
[[0;32m  OK  [0m] Created slice System Slice.
[   10.699254] systemd[1]: Listening on Journal Socket (/dev/log).
[[0;32m  OK  [0m] Listening on Journal Socket (/dev/log).
[   10.709924] systemd[1]: Listening on LVM2 poll daemon socket.
[[0;32m  OK  [0m] Listening on LVM2 poll daemon socket.
[[0;32m  OK  [0m] Listening on Journal Audit Socket.
[[0;32m  OK  [0m] Listening on /dev/initctl Compatibility Named Pipe.
[[0;32m  OK  [0m] Set up automount Arbitrary Executab…rmats File System Automount Point.
[[0;32m  OK  [0m] Created slice system-serial\x2dgetty.slice.
[[0;32m  OK  [0m] Listening on LVM2 metadata daemon socket.
[[0;32m  OK  [0m] Reached target System Time Synchronized.
[[0;32m  OK  [0m] Listening on Network Service Netlink Socket.
[[0;32m  OK  [0m] Listening on udev Control Socket.
[[0;32m  OK  [0m] Listening on udev Kernel Socket.
[[0;32m  OK  [0m] Reached target User and Group Name Lookups.
[[0;32m  OK  [0m] Listening on Syslog Socket.
[[0;32m  OK  [0m] Listening on Device-mapper event daemon FIFOs.
[[0;32m  OK  [0m] Reached target Swap.
[[0;32m  OK  [0m] Listening on fsck to fsckd communication Socket.
[[0;32m  OK  [0m] Listening on Journal Socket.
         Starting Load Kernel Modules...
         Starting Monitoring of LVM2 mirrors…ng dmeventd or progress polling...
         Starting Journal Service...
         Starting Uncomplicated firewall...
         Mounting Kernel Debug File System...
         Mounting Huge Pages File System...
         Starting udev Coldplug all Devices...
[   11.794769] Loading iSCSI transport class v2.0-870.
         Starting Set the console keyboard layout...
         Starting File System Check on Root Device...
         Starting Create list of required st…ce nodes for the current kernel...
[[0;32m  OK  [0m] Created slice User and Session Slice.
[[0;32m  OK  [0m] Reached target Slices.
         Mounting POSIX Message Queue File System...
[[0;32m  OK  [0m] Started Uncomplicated firewall.
[[0;32m  OK  [0m] Mounted Kernel Debug File System.
[[0;32m  OK  [0m] Mounted Huge Pages File System.
[[0;32m  OK  [0m] Mounted POSIX Message Queue File System.
[   11.856186] iscsi: registered transport (tcp)
[[0;32m  OK  [0m] Started File System Check Daemon to report status.
[[0;32m  OK  [0m] Started Create list of required sta…vice nodes for the current kernel.
         Starting Create Static Device Nodes in /dev...
[[0;32m  OK  [0m] Started Journal Service.
[[0;32m  OK  [0m] Started udev Coldplug all Devices.
[[0;32m  OK  [0m] Started File System Check on Root Device.
         Starting Remount Root and Kernel File Systems...
[[0;32m  OK  [0m] Started LVM2 metadata daemon.
[[0;32m  OK  [0m] Started Create Static Device Nodes in /dev.
[   11.962007] iscsi: registered transport (iser)
[[0;32m  OK  [0m] Started Load Kernel Modules.
         Mounting Kernel Configuration File System...
         Mounting FUSE Control File System...
         Starting Apply Kernel Variables...
[[0;32m  OK  [0m] Mounted FUSE Control File System.
[[0;32m  OK  [0m] Mounted Kernel Configuration File System.
=======
[    0.004000] tsc: Detected 2591.998 MHz processor
[    0.004000] Calibrating delay loop (skipped) preset value.. 5183.99 BogoMIPS (lpj=10367992)
[    0.004000] pid_max: default: 32768 minimum: 301
[    0.004000] Security Framework initialized
[    0.004000] Yama: becoming mindful.
[    0.004000] AppArmor: AppArmor initialized
[    0.004000] Dentry cache hash table entries: 131072 (order: 8, 1048576 bytes)
[    0.004000] Inode-cache hash table entries: 65536 (order: 7, 524288 bytes)
[    0.004000] Mount-cache hash table entries: 2048 (order: 2, 16384 bytes)
[    0.004000] Mountpoint-cache hash table entries: 2048 (order: 2, 16384 bytes)
[    0.004000] Last level iTLB entries: 4KB 64, 2MB 8, 4MB 8
[    0.004000] Last level dTLB entries: 4KB 64, 2MB 0, 4MB 0, 1GB 4
[    0.004000] Spectre V1 : Mitigation: usercopy/swapgs barriers and __user pointer sanitization
[    0.004000] Spectre V2 : Mitigation: Retpolines
[    0.004000] Spectre V2 : Spectre v2 / SpectreRSB mitigation: Filling RSB on context switch
[    0.004000] Spectre V2 : Spectre v2 / SpectreRSB : Filling RSB on VMEXIT
[    0.004000] RETBleed: WARNING: Spectre v2 mitigation leaves CPU vulnerable to RETBleed attacks, data leaks possible!
[    0.004000] RETBleed: Vulnerable
[    0.004000] Speculative Store Bypass: Vulnerable
[    0.004000] MDS: Mitigation: Clear CPU buffers
[    0.004003] MMIO Stale Data: Mitigation: Clear CPU buffers
[    0.005367] SRBDS: Unknown: Dependent on hypervisor status
[    0.008198] Freeing SMP alternatives memory: 36K
[    0.133639] smpboot: CPU0: Intel(R) Core(TM) i7-6700HQ CPU @ 2.60GHz (family: 0x6, model: 0x5e, stepping: 0x3)
[    0.136000] Performance Events: unsupported p6 CPU model 94 no PMU driver, software events only.
[    0.136027] Hierarchical SRCU implementation.
[    0.137557] NMI watchdog: Perf event create on CPU 0 failed with -2
[    0.139065] NMI watchdog: Perf NMI watchdog permanently disabled
[    0.140037] smp: Bringing up secondary CPUs ...
[    0.141183] x86: Booting SMP configuration:
[    0.142274] .... node  #0, CPUs:      #1
[    0.004000] kvm-clock: cpu 1, msr 0:3ff44041, secondary cpu clock
[    0.146857] smp: Brought up 1 node, 2 CPUs
[    0.146857] smpboot: Max logical packages: 1
[    0.148006] smpboot: Total of 2 processors activated (10367.99 BogoMIPS)
[    0.149793] devtmpfs: initialized
[    0.152068] x86/mm: Memory block size: 128MB
[    0.153435] evm: security.selinux
[    0.154370] evm: security.SMACK64
[    0.155289] evm: security.SMACK64EXEC
[    0.156003] evm: security.SMACK64TRANSMUTE
[    0.157052] evm: security.SMACK64MMAP
[    0.158059] evm: security.apparmor
[    0.159018] evm: security.ima
[    0.159827] evm: security.capability
[    0.160128] clocksource: jiffies: mask: 0xffffffff max_cycles: 0xffffffff, max_idle_ns: 7645041785100000 ns
[    0.162476] futex hash table entries: 512 (order: 3, 32768 bytes)
[    0.164082] pinctrl core: initialized pinctrl subsystem
[    0.165643] RTC time: 12:15:08, date: 09/29/23
[    0.168008] NET: Registered protocol family 16
[    0.169423] audit: initializing netlink subsys (disabled)
[    0.170916] audit: type=2000 audit(1695989712.626:1): state=initialized audit_enabled=0 res=1
[    0.172009] cpuidle: using governor ladder
[    0.173130] cpuidle: using governor menu
[    0.174190] ACPI: bus type PCI registered
[    0.176003] acpiphp: ACPI Hot Plug PCI Controller Driver version: 0.5
[    0.177693] PCI: Using configuration type 1 for base access
[    0.181277] HugeTLB registered 2.00 MiB page size, pre-allocated 0 pages
[    0.181611] ACPI: Added _OSI(Module Device)
[    0.184003] ACPI: Added _OSI(Processor Device)
[    0.185158] ACPI: Added _OSI(3.0 _SCP Extensions)
[    0.186239] ACPI: Added _OSI(Processor Aggregator Device)
[    0.188009] ACPI: Added _OSI(Linux-Dell-Video)
[    0.189235] ACPI: Added _OSI(Linux-Lenovo-NV-HDMI-Audio)
[    0.190514] ACPI: Added _OSI(Linux-HPI-Hybrid-Graphics)
[    0.192178] ACPI: Executed 1 blocks of module-level executable AML code
[    0.199071] ACPI: Interpreter enabled
[    0.200027] ACPI: (supports S0 S5)
[    0.200896] ACPI: Using IOAPIC for interrupt routing
[    0.202421] PCI: Using host bridge windows from ACPI; if necessary, use "pci=nocrs" and report a bug
[    0.204230] ACPI: Enabled 2 GPEs in block 00 to 07
[    0.213936] ACPI: PCI Root Bridge [PCI0] (domain 0000 [bus 00-ff])
[    0.215367] acpi PNP0A03:00: _OSC: OS supports [ASPM ClockPM Segments MSI]
[    0.216704] acpi PNP0A03:00: _OSC: not requesting OS control; OS requires [ExtendedConfig ASPM ClockPM MSI]
[    0.220012] acpi PNP0A03:00: fail to add MMCONFIG information, can't access extended PCI configuration space under this bridge.
[    0.222779] PCI host bridge to bus 0000:00
[    0.224003] pci_bus 0000:00: root bus resource [io  0x0000-0x0cf7 window]
[    0.225454] pci_bus 0000:00: root bus resource [io  0x0d00-0xffff window]
[    0.228003] pci_bus 0000:00: root bus resource [mem 0x000a0000-0x000bffff window]
[    0.230140] pci_bus 0000:00: root bus resource [mem 0x40000000-0xfdffffff window]
[    0.232003] pci_bus 0000:00: root bus resource [bus 00-ff]
[    0.237581] pci 0000:00:01.1: legacy IDE quirk: reg 0x10: [io  0x01f0-0x01f7]
[    0.239043] pci 0000:00:01.1: legacy IDE quirk: reg 0x14: [io  0x03f6]
[    0.240002] pci 0000:00:01.1: legacy IDE quirk: reg 0x18: [io  0x0170-0x0177]
[    0.241439] pci 0000:00:01.1: legacy IDE quirk: reg 0x1c: [io  0x0376]
[    0.256000] pci 0000:00:07.0: quirk: [io  0x4000-0x403f] claimed by PIIX4 ACPI
[    0.256013] pci 0000:00:07.0: quirk: [io  0x4100-0x410f] claimed by PIIX4 SMB
[    0.269590] ACPI: PCI Interrupt Link [LNKA] (IRQs 5 9 10 *11)
[    0.271126] ACPI: PCI Interrupt Link [LNKB] (IRQs 5 9 *10 11)
[    0.272110] ACPI: PCI Interrupt Link [LNKC] (IRQs 5 *9 10 11)
[    0.273422] ACPI: PCI Interrupt Link [LNKD] (IRQs 5 9 10 *11)
[    0.274824] SCSI subsystem initialized
[    0.276025] pci 0000:00:02.0: vgaarb: setting as boot VGA device
[    0.277154] pci 0000:00:02.0: vgaarb: VGA device added: decodes=io+mem,owns=io+mem,locks=none
[    0.278808] pci 0000:00:02.0: vgaarb: bridge control possible
[    0.279920] vgaarb: loaded
[    0.280027] ACPI: bus type USB registered
[    0.280898] usbcore: registered new interface driver usbfs
[    0.281954] usbcore: registered new interface driver hub
[    0.283047] usbcore: registered new device driver usb
[    0.284038] EDAC MC: Ver: 3.0.0
[    0.284997] PCI: Using ACPI for IRQ routing
[    0.285184] NetLabel: Initializing
[    0.285935] NetLabel:  domain hash size = 128
[    0.288005] NetLabel:  protocols = UNLABELED CIPSOv4 CALIPSO
[    0.289161] NetLabel:  unlabeled traffic allowed by default
[    0.292130] clocksource: Switched to clocksource kvm-clock
[    0.302313] VFS: Disk quotas dquot_6.6.0
[    0.303212] VFS: Dquot-cache hash table entries: 512 (order 0, 4096 bytes)
[    0.304057] AppArmor: AppArmor Filesystem Enabled
[    0.304057] pnp: PnP ACPI init
[    0.304057] pnp: PnP ACPI: found 3 devices
[    0.316140] clocksource: acpi_pm: mask: 0xffffff max_cycles: 0xffffff, max_idle_ns: 2085701024 ns
[    0.317954] NET: Registered protocol family 2
[    0.318883] IP idents hash table entries: 16384 (order: 5, 131072 bytes)
[    0.320476] TCP established hash table entries: 8192 (order: 4, 65536 bytes)
[    0.321896] TCP bind hash table entries: 8192 (order: 5, 131072 bytes)
[    0.323259] TCP: Hash tables configured (established 8192 bind 8192)
[    0.324734] UDP hash table entries: 512 (order: 2, 16384 bytes)
[    0.326170] UDP-Lite hash table entries: 512 (order: 2, 16384 bytes)
[    0.327415] NET: Registered protocol family 1
[    0.328370] pci 0000:00:00.0: Limiting direct PCI/PCI transfers
[    0.328712] pci 0000:00:01.0: Activating ISA DMA hang workarounds
[    0.328712] pci 0000:00:02.0: Video device with shadowed ROM at [mem 0x000c0000-0x000dffff]
[    0.328712] Unpacking initramfs...
[    0.328712] Freeing initrd memory: 19528K
[    0.328712] clocksource: tsc: mask: 0xffffffffffffffff max_cycles: 0x255cb518234, max_idle_ns: 440795279333 ns
[    0.328712] platform rtc_cmos: registered platform RTC device (no PNP device found)
[    0.328712] Scanning for low memory corruption every 60 seconds
[    0.581624] Initialise system trusted keyrings
[    0.582550] Key type blacklist registered
[    0.583361] workingset: timestamp_bits=36 max_order=18 bucket_order=0
[    0.585764] zbud: loaded
[    0.587092] squashfs: version 4.0 (2009/01/31) Phillip Lougher
[    0.588735] fuse init (API version 7.26)
[    0.590982] Key type asymmetric registered
[    0.591876] Asymmetric key parser 'x509' registered
[    0.593020] Block layer SCSI generic (bsg) driver version 0.4 loaded (major 246)
[    0.594573] io scheduler noop registered
[    0.595406] io scheduler deadline registered
[    0.596407] io scheduler cfq registered (default)
[    0.597774] ACPI: AC Adapter [AC] (off-line)
[    0.598661] input: Power Button as /devices/LNXSYSTM:00/LNXPWRBN:00/input/input0
[    0.600240] ACPI: Power Button [PWRF]
[    0.601058] input: Sleep Button as /devices/LNXSYSTM:00/LNXSLPBN:00/input/input1
[    0.602594] ACPI: Sleep Button [SLPF]
[    0.604228] Serial: 8250/16550 driver, 32 ports, IRQ sharing enabled
[    0.604486] ACPI: Battery Slot [BAT0] (battery present)
[    0.626928] 00:02: ttyS0 at I/O 0x3f8 (irq = 4, base_baud = 115200) is a 16550A
[    0.629825] Linux agpgart interface v0.103
[    0.631895] loop: module loaded
[    0.633453] scsi host0: ata_piix
[    0.634611] scsi host1: ata_piix
[    0.635362] ata1: PATA max UDMA/33 cmd 0x1f0 ctl 0x3f6 bmdma 0xd000 irq 14
[    0.636719] ata2: PATA max UDMA/33 cmd 0x170 ctl 0x376 bmdma 0xd008 irq 15
[    0.638166] tun: Universal TUN/TAP device driver, 1.6
[    0.639270] PPP generic driver version 2.4.2
[    0.640195] ehci_hcd: USB 2.0 'Enhanced' Host Controller (EHCI) Driver
[    0.641470] ehci-pci: EHCI PCI platform driver
[    0.642410] ehci-platform: EHCI generic platform driver
[    0.643465] ohci_hcd: USB 1.1 'Open' Host Controller (OHCI) Driver
[    0.644792] ohci-pci: OHCI PCI platform driver
[    0.645723] ohci-platform: OHCI generic platform driver
[    0.646769] uhci_hcd: USB Universal Host Controller Interface driver
[    0.648008] i8042: PNP: PS/2 Controller [PNP0303:PS2K,PNP0f03:PS2M] at 0x60,0x64 irq 1,12
[    0.650259] serio: i8042 KBD port at 0x60,0x64 irq 1
[    0.651300] serio: i8042 AUX port at 0x60,0x64 irq 12
[    0.652431] mousedev: PS/2 mouse device common for all mice
[    0.653875] input: AT Translated Set 2 keyboard as /devices/platform/i8042/serio0/input/input2
[    0.656202] rtc_cmos rtc_cmos: rtc core: registered rtc_cmos as rtc0
[    0.657484] rtc_cmos rtc_cmos: alarms up to one day, 114 bytes nvram
[    0.658812] i2c /dev entries driver
[    0.659623] device-mapper: uevent: version 1.0.3
[    0.660722] device-mapper: ioctl: 4.37.0-ioctl (2017-09-20) initialised: dm-devel@redhat.com
[    0.662536] ledtrig-cpu: registered to indicate activity on CPUs
[    0.664188] NET: Registered protocol family 10
[    0.668765] Segment Routing with IPv6
[    0.669706] NET: Registered protocol family 17
[    0.670660] Key type dns_resolver registered
[    0.671809] mce: Using 0 MCE banks
[    0.672706] RAS: Correctable Errors collector initialized.
[    0.673853] sched_clock: Marking stable (672693075, 0)->(887525201, -214832126)
[    0.675588] registered taskstats version 1
[    0.676539] Loading compiled-in X.509 certificates
[    0.679769] Loaded X.509 cert 'Build time autogenerated kernel key: b5b26778eaa3ab3a4a6cee031137706e947d12ad'
[    0.682314] Loaded X.509 cert 'Canonical Ltd. Live Patch Signing: 14df34d1a87cf37625abec039ef2bf521249b969'
[    0.684601] Loaded X.509 cert 'Canonical Ltd. Kernel Module Signing: 88f752e560a1e0737e31163a466ad7b70a850c19'
[    0.686653] blacklist: Loading compiled-in revocation X.509 certificates
[    0.687935] Loaded X.509 cert 'Canonical Ltd. Secure Boot Signing: 61482aa2830d0ab2ad5af10b7250da9033ddcef0'
[    0.689946] Loaded X.509 cert 'Canonical Ltd. Secure Boot Signing (2017): 242ade75ac4a15e50d50c84b0d45ff3eae707a03'
[    0.691900] Loaded X.509 cert 'Canonical Ltd. Secure Boot Signing (ESM 2018): 365188c1d374d6b07c3c8f240f8ef722433d6a8b'
[    0.694025] Loaded X.509 cert 'Canonical Ltd. Secure Boot Signing (2019): c0746fd6c5da3ae827864651ad66ae47fe24b3e8'
[    0.695974] Loaded X.509 cert 'Canonical Ltd. Secure Boot Signing (2021 v1): a8d54bbb3825cfb94fa13c9f8a594a195c107b8d'
[    0.698171] Loaded X.509 cert 'Canonical Ltd. Secure Boot Signing (2021 v2): 4cf046892d6fd3c9a5b03f98d845f90851dc6a8c'
[    0.700172] Loaded X.509 cert 'Canonical Ltd. Secure Boot Signing (2021 v3): 100437bb6de6e469b581e61cd66bce3ef4ed53af'
[    0.702267] Loaded X.509 cert 'Canonical Ltd. Secure Boot Signing (Ubuntu Core 2019): c1d57b8f6b743f23ee41f4f7ee292f06eecadfb9'
[    0.704371] zswap: loaded using pool lzo/zbud
[    0.708710] Key type big_key registered
[    0.709583] Key type trusted registered
[    0.711915] Key type encrypted registered
[    0.712889] AppArmor: AppArmor sha1 policy hashing enabled
[    0.714062] ima: No TPM chip found, activating TPM-bypass! (rc=-19)
[    0.715213] ima: Allocated hash algorithm: sha1
[    0.716155] evm: HMAC attrs: 0x1
[    0.717164]   Magic number: 7:191:280
[    0.718071] tty tty17: hash matches
[    0.718876] rtc_cmos rtc_cmos: setting system clock to 2023-09-29 12:15:08 UTC (1695989708)
[    0.720787] BIOS EDD facility v0.16 2004-Jun-25, 0 devices found
[    0.722054] EDD information not available.
[    0.831383] Freeing unused kernel image memory: 2480K
[    0.844289] Write protecting the kernel read-only data: 20480k
[    0.846223] Freeing unused kernel image memory: 2008K
[    0.847603] Freeing unused kernel image memory: 1820K
[    0.858337] x86/mm: Checked W+X mappings: passed, no W+X pages found.
[    0.859715] x86/mm: Checking user space page tables
[    0.869820] x86/mm: Checked W+X mappings: passed, no W+X pages found.
Loading, please wait...
starting version 237
[    0.943672] e1000: Intel(R) PRO/1000 Network Driver - version 7.3.21-k8-NAPI
[    0.945115] e1000: Copyright (c) 1999-2006 Intel Corporation.
[    0.950293] Fusion MPT base driver 3.04.20
[    0.951201] Copyright (c) 1999-2008 LSI Corporation
[    0.974289] Fusion MPT SPI Host driver 3.04.20
[    0.978626] AVX2 version of gcm_enc/dec engaged.
[    0.979664] AES CTR mode by8 optimization enabled
[    1.193683] input: ImExPS/2 Generic Explorer Mouse as /devices/platform/i8042/serio1/input/input4
[    1.371500] e1000 0000:00:03.0 eth0: (PCI:33MHz:32-bit) 02:3b:7b:b7:3b:2d
[    1.373243] e1000 0000:00:03.0 eth0: Intel(R) PRO/1000 Network Connection
[    1.375908] mptbase: ioc0: Initiating bringup
[    1.485632] ioc0: LSI53C1030 A0: Capabilities={Initiator}
[    1.734976] scsi host2: ioc0: LSI53C1030 A0, FwRev=00000000h, Ports=1, MaxQ=256, IRQ=20
[    1.910802] scsi 2:0:0:0: Direct-Access     VBOX     HARDDISK         1.0  PQ: 0 ANSI: 5
[    1.948226] scsi target2:0:0: Beginning Domain Validation
[    1.956971] scsi target2:0:0: Domain Validation skipping write tests
[    1.961698] scsi target2:0:0: Ending Domain Validation
[    1.965926] scsi target2:0:0: asynchronous
[    1.970690] scsi 2:0:1:0: Direct-Access     VBOX     HARDDISK         1.0  PQ: 0 ANSI: 5
[    2.272541] scsi target2:0:1: Beginning Domain Validation
[    2.276206] scsi target2:0:1: Domain Validation skipping write tests
[    2.277796] scsi target2:0:1: Ending Domain Validation
[    2.279074] scsi target2:0:1: asynchronous
[    2.285935] sd 2:0:0:0: Attached scsi generic sg0 type 0
[    2.287494] sd 2:0:1:0: Attached scsi generic sg1 type 0
[    2.287808] sd 2:0:1:0: [sdb] 20480 512-byte logical blocks: (10.5 MB/10.0 MiB)
[    2.290589] sd 2:0:0:0: [sda] 83886080 512-byte logical blocks: (42.9 GB/40.0 GiB)
[    2.290670] sd 2:0:1:0: [sdb] Write Protect is off
[    2.293650] sd 2:0:0:0: [sda] Write Protect is off
[    2.293972] sd 2:0:1:0: [sdb] Incomplete mode parameter data
[    2.296078] sd 2:0:1:0: [sdb] Assuming drive cache: write through
[    2.297943] sd 2:0:0:0: [sda] Incomplete mode parameter data
[    2.299380] sd 2:0:0:0: [sda] Assuming drive cache: write through
[    2.308519]  sda: sda1
[    2.310821] e1000 0000:00:08.0 eth1: (PCI:33MHz:32-bit) 08:00:27:07:8b:9c
[    2.310824] sd 2:0:0:0: [sda] Attached SCSI disk
[    2.312192] e1000 0000:00:08.0 eth1: Intel(R) PRO/1000 Network Connection
[    2.316557] sd 2:0:1:0: [sdb] Attached SCSI disk
[    2.318752] e1000 0000:00:08.0 enp0s8: renamed from eth1
[    2.332524] e1000 0000:00:03.0 enp0s3: renamed from eth0
Begin: Loading essential drivers ... [    3.948072] raid6: sse2x1   gen() 11947 MB/s
[    3.996076] raid6: sse2x1   xor()  8630 MB/s
[    4.044074] raid6: sse2x2   gen() 14800 MB/s
[    4.092078] raid6: sse2x2   xor()  9679 MB/s
[    4.140078] raid6: sse2x4   gen() 16777 MB/s
[    4.188075] raid6: sse2x4   xor() 10339 MB/s
[    4.236075] raid6: avx2x1   gen() 23800 MB/s
[    4.284074] raid6: avx2x1   xor() 16547 MB/s
[    4.332076] raid6: avx2x2   gen() 28063 MB/s
[    4.380072] raid6: avx2x2   xor() 17598 MB/s
[    4.428073] raid6: avx2x4   gen() 32800 MB/s
[    4.476072] raid6: avx2x4   xor() 19946 MB/s
[    4.476927] raid6: using algorithm avx2x4 gen() 32800 MB/s
[    4.478048] raid6: .... xor() 19946 MB/s, rmw enabled
[    4.479051] raid6: using avx2x2 recovery algorithm
[    4.481306] xor: automatically using best checksumming function   avx       
[    4.483772] async_tx: api initialized (async)
done.
Begin: Running /scripts/init-premount ... done.
Begin: Mounting root file system ... Begin: Running /scripts/local-top ... done.
Begin: Running /scripts/local-premount ... [    4.531075] Btrfs loaded, crc32c=crc32c-intel
Scanning for Btrfs filesystems
done.
Warning: fsck not present, so skipping root file system
[    4.568777] EXT4-fs (sda1): mounted filesystem with ordered data mode. Opts: (null)
done.
Begin: Running /scripts/local-bottom ... done.
Begin: Running /scripts/init-bottom ... done.
[    4.722193] ip_tables: (C) 2000-2006 Netfilter Core Team
[    4.731499] systemd[1]: systemd 237 running in system mode. (+PAM +AUDIT +SELINUX +IMA +APPARMOR +SMACK +SYSVINIT +UTMP +LIBCRYPTSETUP +GCRYPT +GNUTLS +ACL +XZ +LZ4 +SECCOMP +BLKID +ELFUTILS +KMOD -IDN2 +IDN -PCRE2 default-hierarchy=hybrid)
[    4.735579] systemd[1]: Detected virtualization oracle.
[    4.736633] systemd[1]: Detected architecture x86-64.

Welcome to [1mUbuntu 18.04.6 LTS[0m!

[    4.741750] systemd[1]: Set hostname to <ubuntu-bionic>.
[    5.817083] systemd[1]: Reached target Mounting snaps.
[[0;32m  OK  [0m] Reached target Mounting snaps.
[    5.831307] systemd[1]: Started Forward Password Requests to Wall Directory Watch.
[[0;32m  OK  [0m] Started Forward Password Requests to Wall Directory Watch.
[    5.844628] systemd[1]: Created slice System Slice.
[[0;32m  OK  [0m] Created slice System Slice.
[    5.848499] systemd[1]: Listening on LVM2 metadata daemon socket.
[[0;32m  OK  [0m] Listening on LVM2 metadata daemon socket.
[    5.860278] systemd[1]: Listening on Journal Socket.
[[0;32m  OK  [0m] Listening on Journal Socket.
[    5.872605] systemd[1]: Reached target Swap.
[[0;32m  OK  [0m] Reached target Swap.
         Starting Uncomplicated firewall...
[[0;32m  OK  [0m] Reached target System Time Synchronized.
[[0;32m  OK  [0m] Listening on /dev/initctl Compatibility Named Pipe.
[[0;32m  OK  [0m] Listening on Journal Socket (/dev/log).
[[0;32m  OK  [0m] Reached target Mounted snaps.
         Mounting POSIX Message Queue File System...
[[0;32m  OK  [0m] Listening on LVM2 poll daemon socket.
         Starting Load Kernel Modules...
[[0;32m  OK  [0m] Listening on Journal Audit Socket.
[[0;32m  OK  [0m] Created slice system-serial\x2dgetty.slice.
[[0;32m  OK  [0m] Listening on Network Service Netlink Socket.
         Mounting Kernel Debug File System...
[[0;32m  OK  [0m] Listening on udev Control Socket.
[[0;32m  OK  [0m] Listening on Syslog Socket.
[[0;32m  OK  [0m] Reached target User and Group Name Lookups.
[[0;32m  OK  [0m] Set up automount Arbitrary Executab…rmats File System Automount Point.
         Starting Set the console keyboard layout...
[[0;32m  OK  [0m] Listening on fsck to fsckd communication Socket.
         Starting File System Check on Root Device...
[    5.927121] Loading iSCSI transport class v2.0-870.
[    5.934069] iscsi: registered transport (tcp)
[    5.952348] iscsi: registered transport (iser)
[[0;32m  OK  [0m] Listening on udev Kernel Socket.
         Starting Journal Service...
[[0;32m  OK  [0m] Created slice User and Session Slice.
[[0;32m  OK  [0m] Reached target Slices.
         Starting Create list of required st…ce nodes for the current kernel...
[[0;32m  OK  [0m] Listening on Device-mapper event daemon FIFOs.
         Starting Monitoring of LVM2 mirrors…ng dmeventd or progress polling...
         Mounting Huge Pages File System...
         Starting udev Coldplug all Devices...
[[0;32m  OK  [0m] Started Uncomplicated firewall.
[[0;32m  OK  [0m] Mounted POSIX Message Queue File System.
[[0;32m  OK  [0m] Started Load Kernel Modules.
[[0;32m  OK  [0m] Mounted Kernel Debug File System.
[[0;32m  OK  [0m] Started File System Check on Root Device.
[[0;32m  OK  [0m] Mounted Huge Pages File System.
[[0;32m  OK  [0m] Started LVM2 metadata daemon.
[[0;32m  OK  [0m] Started File System Check Daemon to report status.
         Starting Remount Root and Kernel File Systems...
         Mounting FUSE Control File System...
         Starting Apply Kernel Variables...
         Mounting Kernel Configuration File System...
[[0;32m  OK  [0m] Started Create list of required sta…vice nodes for the current kernel.
[[0;32m  OK  [0m] Mounted FUSE Control File System.
[[0;32m  OK  [0m] Mounted Kernel Configuration File System.
         Starting Create Static Device Nodes in /dev...
[[0;32m  OK  [0m] Started Journal Service.
[[0;32m  OK  [0m] Started udev Coldplug all Devices.
[[0;32m  OK  [0m] Started Create Static Device Nodes in /dev.
[[0;32m  OK  [0m] Started Apply Kernel Variables.
>>>>>>> b94a63d8719b67a2f69c37363108d48907018c3e
[[0;32m  OK  [0m] Started Remount Root and Kernel File Systems.
         Starting Load/Save Random Seed...
         Starting udev Kernel Device Manager...
         Starting Flush Journal to Persistent Storage...
[[0;32m  OK  [0m] Started Monitoring of LVM2 mirrors,…sing dmeventd or progress polling.
<<<<<<< HEAD
[[0;32m  OK  [0m] Started Apply Kernel Variables.
=======
>>>>>>> b94a63d8719b67a2f69c37363108d48907018c3e
[[0;32m  OK  [0m] Started Load/Save Random Seed.
[[0;32m  OK  [0m] Started udev Kernel Device Manager.
[[0;32m  OK  [0m] Started Set the console keyboard layout.
[[0;32m  OK  [0m] Started Dispatch Password Requests to Console Directory Watch.
[[0;32m  OK  [0m] Reached target Local Encrypted Volumes.
[[0;32m  OK  [0m] Reached target Local File Systems (Pre).
[[0;32m  OK  [0m] Reached target Local File Systems.
         Starting Set console font and keymap...
<<<<<<< HEAD
         Starting Tell Plymouth To Write Out Runtime Data...
         Starting ebtables ruleset management...
         Starting AppArmor initialization...
=======
         Starting AppArmor initialization...
         Starting Tell Plymouth To Write Out Runtime Data...
         Starting ebtables ruleset management...
>>>>>>> b94a63d8719b67a2f69c37363108d48907018c3e
[[0;32m  OK  [0m] Started Flush Journal to Persistent Storage.
[[0;32m  OK  [0m] Started Set console font and keymap.
         Starting Create Volatile Files and Directories...
[[0;32m  OK  [0m] Started Set console font and keymap.
[[0;32m  OK  [0m] Started Tell Plymouth To Write Out Runtime Data.
[[0;32m  OK  [0m] Started Create Volatile Files and Directories.
         Starting Update UTMP about System Boot/Shutdown...
[[0;32m  OK  [0m] Started Update UTMP about System Boot/Shutdown.
[[0;32m  OK  [0m] Started ebtables ruleset management.
[[0;32m  OK  [0m] Found device /dev/ttyS0.
[[0;32m  OK  [0m] Listening on Load/Save RF Kill Switch Status /dev/rfkill Watch.
[[0;32m  OK  [0m] Started AppArmor initialization.
         Starting Load AppArmor profiles managed internally by snapd...
         Starting Initial cloud-init job (pre-networking)...
         Mounting Arbitrary Executable File Formats File System...
[[0;32m  OK  [0m] Mounted Arbitrary Executable File Formats File System.
[[0;32m  OK  [0m] Started Load AppArmor profiles managed internally by snapd.
<<<<<<< HEAD
[[0;32m  OK  [0m] Listening on Load/Save RF Kill Switch Status /dev/rfkill Watch.
[   14.283856] cloud-init[538]: Cloud-init v. 23.1.2-0ubuntu0~18.04.1 running 'init-local' at Sat, 30 Sep 2023 14:13:09 +0000. Up 14.04 seconds.
=======
[    8.064086] cloud-init[571]: Cloud-init v. 23.1.2-0ubuntu0~18.04.1 running 'init-local' at Fri, 29 Sep 2023 12:15:15 +0000. Up 7.82 seconds.
>>>>>>> b94a63d8719b67a2f69c37363108d48907018c3e
[[0;32m  OK  [0m] Started Initial cloud-init job (pre-networking).
[[0;32m  OK  [0m] Reached target Network (Pre).
         Starting Network Service...
[[0;32m  OK  [0m] Started Network Service.
         Starting Network Name Resolution...
         Starting Wait for Network to be Configured...
[[0;32m  OK  [0m] Started Network Name Resolution.
[[0;32m  OK  [0m] Reached target Host and Network Name Lookups.
[[0;32m  OK  [0m] Reached target Network.
[[0;32m  OK  [0m] Started Wait for Network to be Configured.
         Starting Initial cloud-init job (metadata service crawler)...
<<<<<<< HEAD
[   16.574483] cloud-init[697]: Cloud-init v. 23.1.2-0ubuntu0~18.04.1 running 'init' at Sat, 30 Sep 2023 14:13:11 +0000. Up 16.33 seconds.
[   16.576317] cloud-init[697]: ci-info: ++++++++++++++++++++++++++++++++++++++Net device info+++++++++++++++++++++++++++++++++++++++
[   16.577862] cloud-init[697]: ci-info: +--------+------+-----------------------------+---------------+--------+-------------------+
[   16.588277] cloud-init[697]: ci-info: | Device |  Up  |           Address           |      Mask     | Scope  |     Hw-Address    |
[   16.600168] cloud-init[697]: ci-info: +--------+------+-----------------------------+---------------+--------+-------------------+
[   16.612189] cloud-init[697]: ci-info: | enp0s3 | True |          10.0.2.15          | 255.255.255.0 | global | 02:3b:7b:b7:3b:2d |
[   16.624283] cloud-init[697]: ci-info: | enp0s3 | True |  fe80::3b:7bff:feb7:3b2d/64 |       .       |  link  | 02:3b:7b:b7:3b:2d |
[   16.636279] cloud-init[697]: ci-info: | enp0s8 | True |        192.168.56.11        | 255.255.255.0 | global | 08:00:27:92:a2:3e |
[   16.652336] cloud-init[697]: ci-info: | enp0s8 | True | fe80::a00:27ff:fe92:a23e/64 |       .       |  link  | 08:00:27:92:a2:3e |
[   16.655079] cloud-init[697]: ci-info: |   lo   | True |          127.0.0.1          |   255.0.0.0   |  host  |         .         |
[   16.656687] cloud-init[697]: ci-info: |   lo   | True |           ::1/128           |       .       |  host  |         .         |
[   16.658144] cloud-init[697]: ci-info: +--------+------+-----------------------------+---------------+--------+-------------------+
[   16.659564] cloud-init[697]: ci-info: +++++++++++++++++++++++++++++Route IPv4 info+++++++++++++++++++++++++++++
[   16.660967] cloud-init[697]: ci-info: +-------+--------------+----------+-----------------+-----------+-------+
[   16.662463] cloud-init[697]: ci-info: | Route | Destination  | Gateway  |     Genmask     | Interface | Flags |
[   16.664129] cloud-init[697]: ci-info: +-------+--------------+----------+-----------------+-----------+-------+
[   16.665819] cloud-init[697]: ci-info: |   0   |   0.0.0.0    | 10.0.2.2 |     0.0.0.0     |   enp0s3  |   UG  |
[   16.668352] cloud-init[697]: ci-info: |   1   |   10.0.2.0   | 0.0.0.0  |  255.255.255.0  |   enp0s3  |   U   |
[   16.669992] cloud-init[697]: ci-info: |   2   |   10.0.2.2   | 0.0.0.0  | 255.255.255.255 |   enp0s3  |   UH  |
[   16.672173] cloud-init[697]: ci-info: |   3   | 192.168.56.0 | 0.0.0.0  |  255.255.255.0  |   enp0s8  |   U   |
[   16.674119] cloud-init[697]: ci-info: +-------+--------------+----------+-----------------+-----------+-------+
[   16.675775] cloud-init[697]: ci-info: +++++++++++++++++++Route IPv6 info+++++++++++++++++++
[   16.676671] cloud-init[697]: ci-info: +-------+-------------+---------+-----------+-------+
[   16.677595] cloud-init[697]: ci-info: | Route | Destination | Gateway | Interface | Flags |
[   16.678468] cloud-init[697]: ci-info: +-------+-------------+---------+-----------+-------+
[   16.679228] cloud-init[697]: ci-info: |   1   |  fe80::/64  |    ::   |   enp0s8  |   U   |
[   16.680110] cloud-init[697]: ci-info: |   2   |  fe80::/64  |    ::   |   enp0s3  |   U   |
[   16.680997] cloud-init[697]: ci-info: |   4   |    local    |    ::   |   enp0s3  |   U   |
[   16.681907] cloud-init[697]: ci-info: |   5   |    local    |    ::   |   enp0s8  |   U   |
[   16.682762] cloud-init[697]: ci-info: |   6   |   ff00::/8  |    ::   |   enp0s8  |   U   |
[   16.692215] cloud-init[697]: ci-info: |   7   |   ff00::/8  |    ::   |   enp0s3  |   U   |
[   16.704203] cloud-init[697]: ci-info: +-------+-------------+---------+-----------+-------+
=======
[   11.126957] cloud-init[686]: Cloud-init v. 23.1.2-0ubuntu0~18.04.1 running 'init' at Fri, 29 Sep 2023 12:15:18 +0000. Up 10.90 seconds.
[   11.128122] cloud-init[686]: ci-info: ++++++++++++++++++++++++++++++++++++++Net device info+++++++++++++++++++++++++++++++++++++++
[   11.129259] cloud-init[686]: ci-info: +--------+------+-----------------------------+---------------+--------+-------------------+
[   11.130420] cloud-init[686]: ci-info: | Device |  Up  |           Address           |      Mask     | Scope  |     Hw-Address    |
[   11.131611] cloud-init[686]: ci-info: +--------+------+-----------------------------+---------------+--------+-------------------+
[   11.132766] cloud-init[686]: ci-info: | enp0s3 | True |          10.0.2.15          | 255.255.255.0 | global | 02:3b:7b:b7:3b:2d |
[   11.133978] cloud-init[686]: ci-info: | enp0s3 | True |  fe80::3b:7bff:feb7:3b2d/64 |       .       |  link  | 02:3b:7b:b7:3b:2d |
[   11.135118] cloud-init[686]: ci-info: | enp0s8 | True |         192.168.56.8        | 255.255.255.0 | global | 08:00:27:07:8b:9c |
[   11.136429] cloud-init[686]: ci-info: | enp0s8 | True | fe80::a00:27ff:fe07:8b9c/64 |       .       |  link  | 08:00:27:07:8b:9c |
[   11.137539] cloud-init[686]: ci-info: |   lo   | True |          127.0.0.1          |   255.0.0.0   |  host  |         .         |
[   11.138739] cloud-init[686]: ci-info: |   lo   | True |           ::1/128           |       .       |  host  |         .         |
[   11.139923] cloud-init[686]: ci-info: +--------+------+-----------------------------+---------------+--------+-------------------+
[   11.141128] cloud-init[686]: ci-info: +++++++++++++++++++++++++++++Route IPv4 info+++++++++++++++++++++++++++++
[   11.142351] cloud-init[686]: ci-info: +-------+--------------+----------+-----------------+-----------+-------+
[   11.143443] cloud-init[686]: ci-info: | Route | Destination  | Gateway  |     Genmask     | Interface | Flags |
[   11.144546] cloud-init[686]: ci-info: +-------+--------------+----------+-----------------+-----------+-------+
[   11.145706] cloud-init[686]: ci-info: |   0   |   0.0.0.0    | 10.0.2.2 |     0.0.0.0     |   enp0s3  |   UG  |
[   11.146836] cloud-init[686]: ci-info: |   1   |   10.0.2.0   | 0.0.0.0  |  255.255.255.0  |   enp0s3  |   U   |
[   11.147773] cloud-init[686]: ci-info: |   2   |   10.0.2.2   | 0.0.0.0  | 255.255.255.255 |   enp0s3  |   UH  |
[   11.148809] cloud-init[686]: ci-info: |   3   | 192.168.56.0 | 0.0.0.0  |  255.255.255.0  |   enp0s8  |   U   |
[   11.149827] cloud-init[686]: ci-info: +-------+--------------+----------+-----------------+-----------+-------+
[   11.150894] cloud-init[686]: ci-info: +++++++++++++++++++Route IPv6 info+++++++++++++++++++
[   11.151780] cloud-init[686]: ci-info: +-------+-------------+---------+-----------+-------+
[   11.152655] cloud-init[686]: ci-info: | Route | Destination | Gateway | Interface | Flags |
[   11.153494] cloud-init[686]: ci-info: +-------+-------------+---------+-----------+-------+
[   11.154410] cloud-init[686]: ci-info: |   1   |  fe80::/64  |    ::   |   enp0s8  |   U   |
[   11.155217] cloud-init[686]: ci-info: |   2   |  fe80::/64  |    ::   |   enp0s3  |   U   |
[   11.156268] cloud-init[686]: ci-info: |   4   |    local    |    ::   |   enp0s3  |   U   |
[   11.157192] cloud-init[686]: ci-info: |   5   |    local    |    ::   |   enp0s8  |   U   |
[   11.158270] cloud-init[686]: ci-info: |   6   |   ff00::/8  |    ::   |   enp0s8  |   U   |
[   11.159346] cloud-init[686]: ci-info: |   7   |   ff00::/8  |    ::   |   enp0s3  |   U   |
[   11.160367] cloud-init[686]: ci-info: +-------+-------------+---------+-----------+-------+
>>>>>>> b94a63d8719b67a2f69c37363108d48907018c3e
[[0;32m  OK  [0m] Started Initial cloud-init job (metadata service crawler).
[[0;32m  OK  [0m] Reached target Cloud-config availability.
[[0;32m  OK  [0m] Reached target Network is Online.
[[0;32m  OK  [0m] Reached target Remote File Systems (Pre).
<<<<<<< HEAD
         Starting Availability of block devices...
         Mounting /test...
=======
>>>>>>> b94a63d8719b67a2f69c37363108d48907018c3e
         Mounting /vagrant...
         Mounting /test...
[[0;32m  OK  [0m] Reached target System Initialization.
<<<<<<< HEAD
[[0;32m  OK  [0m] Started Discard unused blocks once a week.
[[0;32m  OK  [0m] Listening on cloud-init hotplug hook socket.
[[0;32m  OK  [0m] Listening on UUID daemon activation socket.
         Starting LXD - unix socket.
         Starting Socket activation for snappy daemon.
[[0;32m  OK  [0m] Listening on ACPID Listen Socket.
[[0;32m  OK  [0m] Started Daily Cleanup of Temporary Directories.
=======
         Starting Socket activation for snappy daemon.
         Starting LXD - unix socket.
[[0;32m  OK  [0m] Listening on UUID daemon activation socket.
[[0;32m  OK  [0m] Listening on ACPID Listen Socket.
[[0;32m  OK  [0m] Started Message of the Day.
[[0;32m  OK  [0m] Started Discard unused blocks once a week.
[[0;32m  OK  [0m] Started Daily apt download activities.
>>>>>>> b94a63d8719b67a2f69c37363108d48907018c3e
[[0;32m  OK  [0m] Listening on D-Bus System Message Bus Socket.
[[0;32m  OK  [0m] Listening on cloud-init hotplug hook socket.
[[0;32m  OK  [0m] Started Daily apt upgrade and clean activities.
[[0;32m  OK  [0m] Started Daily Cleanup of Temporary Directories.
[[0;32m  OK  [0m] Reached target Timers.
[[0;32m  OK  [0m] Listening on Open-iSCSI iscsid Socket.
[[0;32m  OK  [0m] Started Message of the Day.
[[0;32m  OK  [0m] Started ACPI Events Check.
[[0;32m  OK  [0m] Reached target Paths.
<<<<<<< HEAD
[[0;32m  OK  [0m] Started Daily apt download activities.
[[0;32m  OK  [0m] Started Daily apt upgrade and clean activities.
[[0;32m  OK  [0m] Reached target Timers.
[[0;32m  OK  [0m] Started Availability of block devices.
=======
[[0;32m  OK  [0m] Started Availability of block devices.
[[0;32m  OK  [0m] Listening on Socket activation for snappy daemon.
>>>>>>> b94a63d8719b67a2f69c37363108d48907018c3e
[[0;32m  OK  [0m] Listening on LXD - unix socket.
[[0;32m  OK  [0m] Listening on Socket activation for snappy daemon.
[[0;32m  OK  [0m] Reached target Sockets.
[[0;32m  OK  [0m] Reached target Basic System.
<<<<<<< HEAD
[[0;32m  OK  [0m] Started irqbalance daemon.
         Starting Accounts Service...
[[0;32m  OK  [0m] Started FUSE filesystem for LXC.
[[0;32m  OK  [0m] Started D-Bus System Message Bus.
[[0;32m  OK  [0m] Reached target Login Prompts (Pre).
         Starting Snap Daemon...
         Starting Dispatcher daemon for systemd-networkd...
         Starting OpenBSD Secure Shell server...
         Starting LSB: Record successful boot for GRUB...
         Starting Virtualbox guest utils...
         Starting System Logging Service...
[[0;32m  OK  [0m] Started Deferred execution scheduler.
[[0;32m  OK  [0m] Started Regular background program processing daemon.
         Starting Login Service...
         Starting LXD - container startup/shutdown...
         Starting MySQL Community Server...
[[0;32m  OK  [0m] Started System Logging Service.
[[0;32m  OK  [0m] Mounted /test.
[[0;32m  OK  [0m] Mounted /vagrant.
         Starting Authorization Manager...
=======
[[0;32m  OK  [0m] Started D-Bus System Message Bus.
         Starting Virtualbox guest utils...
         Starting LXD - container startup/shutdown...
         Starting LSB: Record successful boot for GRUB...
         Starting Login Service...
         Starting System Logging Service...
[[0;32m  OK  [0m] Started Regular background program processing daemon.
         Starting OpenBSD Secure Shell server...
[[0;32m  OK  [0m] Started irqbalance daemon.
[[0;32m  OK  [0m] Started Deferred execution scheduler.
[[0;32m  OK  [0m] Reached target Login Prompts (Pre).
         Starting Dispatcher daemon for systemd-networkd...
         Starting Accounts Service...
[[0;32m  OK  [0m] Started FUSE filesystem for LXC.
         Starting Snap Daemon...
[[0;32m  OK  [0m] Mounted /vagrant.
[[0;32m  OK  [0m] Mounted /test.
>>>>>>> b94a63d8719b67a2f69c37363108d48907018c3e
[[0;32m  OK  [0m] Reached target Remote File Systems.
         Starting LSB: automatic crash report generation...
<<<<<<< HEAD
[[0;32m  OK  [0m] Started OpenBSD Secure Shell server.
[[0;32m  OK  [0m] Started Login Service.
[[0;32m  OK  [0m] Started Authorization Manager.
[[0;32m  OK  [0m] Started Accounts Service.
=======
         Starting Permit User Sessions...
[[0;32m  OK  [0m] Started System Logging Service.
[[0;32m  OK  [0m] Started LXD - container startup/shutdown.
[[0;32m  OK  [0m] Started Login Service.
>>>>>>> b94a63d8719b67a2f69c37363108d48907018c3e
[[0;32m  OK  [0m] Started Unattended Upgrades Shutdown.
[[0;32m  OK  [0m] Started Permit User Sessions.
         Starting Hold until boot process finishes up...
<<<<<<< HEAD
         Starting Terminate Plymouth Boot Screen...
=======
>>>>>>> b94a63d8719b67a2f69c37363108d48907018c3e
[[0;32m  OK  [0m] Started Hold until boot process finishes up.
         Starting Set console scheme...
[[0;32m  OK  [0m] Started Serial Getty on ttyS0.
[[0;32m  OK  [0m] Started Terminate Plymouth Boot Screen.
<<<<<<< HEAD
[[0;32m  OK  [0m] Started Virtualbox guest utils.
=======
[[0;32m  OK  [0m] Started OpenBSD Secure Shell server.
>>>>>>> b94a63d8719b67a2f69c37363108d48907018c3e
[[0;32m  OK  [0m] Started Set console scheme.
[[0;32m  OK  [0m] Started Virtualbox guest utils.
[[0;32m  OK  [0m] Created slice system-getty.slice.
[[0;32m  OK  [0m] Started Getty on tty1.
[[0;32m  OK  [0m] Reached target Login Prompts.
<<<<<<< HEAD
[[0;32m  OK  [0m] Started LSB: Record successful boot for GRUB.
[[0;32m  OK  [0m] Started LSB: automatic crash report generation.
[[0;32m  OK  [0m] Started LXD - container startup/shutdown.
=======
         Starting Authorization Manager...
[[0;32m  OK  [0m] Started LSB: Record successful boot for GRUB.
[[0;32m  OK  [0m] Started LSB: automatic crash report generation.
[[0;32m  OK  [0m] Started Authorization Manager.
[[0;32m  OK  [0m] Started Accounts Service.
>>>>>>> b94a63d8719b67a2f69c37363108d48907018c3e
[[0;32m  OK  [0m] Started Dispatcher daemon for systemd-networkd.
[[0;32m  OK  [0m] Started Snap Daemon.
         Starting Wait until snapd is fully seeded...
         Starting Time & Date Service...
[[0;32m  OK  [0m] Started Time & Date Service.
[[0;32m  OK  [0m] Started Wait until snapd is fully seeded.
         Starting Apply the settings specified in cloud-config...
<<<<<<< HEAD
[[0;32m  OK  [0m] Started MySQL Community Server.
[   19.024075] cloud-init[1218]: Cloud-init v. 23.1.2-0ubuntu0~18.04.1 running 'modules:config' at Sat, 30 Sep 2023 14:13:14 +0000. Up 18.86 seconds.
=======
[[0;32m  OK  [0m] Created slice User Slice of vagrant.
         Starting User Manager for UID 1000...
[[0;32m  OK  [0m] Started Session 1 of user vagrant.
[[0;32m  OK  [0m] Started User Manager for UID 1000.
[   13.707437] cloud-init[1103]: Cloud-init v. 23.1.2-0ubuntu0~18.04.1 running 'modules:config' at Fri, 29 Sep 2023 12:15:21 +0000. Up 13.38 seconds.
>>>>>>> b94a63d8719b67a2f69c37363108d48907018c3e
[[0;32m  OK  [0m] Started Apply the settings specified in cloud-config.
[[0;32m  OK  [0m] Reached target Multi-User System.
         Starting Execute cloud user/final scripts...
[[0;32m  OK  [0m] Reached target Graphical Interface.
         Starting Update UTMP about System Runlevel Changes...
[[0;32m  OK  [0m] Started Update UTMP about System Runlevel Changes.
<<<<<<< HEAD
[[0;32m  OK  [0m] Created slice User Slice of vagrant.
         Starting User Manager for UID 1000...
[[0;32m  OK  [0m] Started Session 1 of user vagrant.
[[0;32m  OK  [0m] Started User Manager for UID 1000.
[   19.951103] cloud-init[1283]: Cloud-init v. 23.1.2-0ubuntu0~18.04.1 running 'modules:final' at Sat, 30 Sep 2023 14:13:15 +0000. Up 19.74 seconds.
[   19.952600] cloud-init[1283]: Cloud-init v. 23.1.2-0ubuntu0~18.04.1 finished at Sat, 30 Sep 2023 14:13:15 +0000. Datasource DataSourceNoCloud [seed=/dev/sdb][dsmode=net].  Up 19.94 seconds
=======
[   14.627406] cloud-init[1221]: Cloud-init v. 23.1.2-0ubuntu0~18.04.1 running 'modules:final' at Fri, 29 Sep 2023 12:15:22 +0000. Up 14.42 seconds.
[   14.629059] cloud-init[1221]: Cloud-init v. 23.1.2-0ubuntu0~18.04.1 finished at Fri, 29 Sep 2023 12:15:22 +0000. Datasource DataSourceNoCloud [seed=/dev/sdb][dsmode=net].  Up 14.61 seconds
>>>>>>> b94a63d8719b67a2f69c37363108d48907018c3e
[[0;32m  OK  [0m] Started Execute cloud user/final scripts.
[[0;32m  OK  [0m] Reached target Cloud-init target.

Ubuntu 18.04.6 LTS ubuntu-bionic ttyS0

ubuntu-bionic login: [[0;32m  OK  [0m] Stopped target Host and Network Name Lookups.
[[0;32m  OK  [0m] Stopped target Timers.
[[0;32m  OK  [0m] Stopped Daily Cleanup of Temporary Directories.
[[0;32m  OK  [0m] Stopped target Cloud-init target.
[[0;32m  OK  [0m] Stopped Message of the Day.
[[0;32m  OK  [0m] Stopped target Graphical Interface.
         Stopping Accounts Service...
[[0;32m  OK  [0m] Stopped Execute cloud user/final scripts.
[[0;32m  OK  [0m] Stopped Apply the settings specified in cloud-config.
[[0;32m  OK  [0m] Stopped target Multi-User System.
         Stopping LXD - container startup/shutdown...
         Stopping Regular background program processing daemon...
         Stopping Deferred execution scheduler...
         Stopping OpenBSD Secure Shell server...
         Stopping LSB: Record successful boot for GRUB...
         Stopping LSB: automatic crash report generation...
         Stopping D-Bus System Message Bus...
[[0;32m  OK  [0m] Stopped Wait until snapd is fully seeded.
         Stopping Virtualbox guest utils...
         Stopping User Manager for UID 1000...
         Stopping Session 11 of user vagrant.
[[0;32m  OK  [0m] Closed Load/Save RF Kill Switch Status /dev/rfkill Watch.
         Stopping Availability of block devices...
[[0;32m  OK  [0m] Stopped Daily apt upgrade and clean activities.
[[0;32m  OK  [0m] Stopped Daily apt download activities.
         Stopping Dispatcher daemon for systemd-networkd...
[[0;32m  OK  [0m] Stopped target Login Prompts.
         Stopping Serial Getty on ttyS0...
         Stopping Getty on tty1...
         Stopping Authorization Manager...
         Stopping irqbalance daemon...
         Stopping FUSE filesystem for LXC...
[[0;32m  OK  [0m] Stopped target Cloud-config availability.
         Stopping System Logging Service...
[[0;32m  O[[0;32m  OK  [0m] Unmounted /var/lib/lxcfs.
[[0;32m  OK  [0m] Stopped System Logging Service.
[[0;32m  OK  [0m] Stopped Regular background program processing daemon.
[[0;32m  OK  [0m] Stopped irqbalance daemon.
[[0;32m  OK  [0m] Stopped Deferred execution scheduler.
[[0;32m  OK  [0m] Stopped Dispatcher daemon for systemd-networkd.
[[0;32m  OK  [0m] Stopped Accounts Service.
[[0;32m  OK  [0m] Stopped Serial Getty on ttyS0.
[[0;32m  OK  [0m] Stopped OpenBSD Secure Shell server.
[[0;32m  OK  [0m] Stopped Getty on tty1.
[[0;32m  OK  [0m] Stopped Authorization Manager.
[[0;32m  OK  [0m] Stopped User Manager for UID 1000.
[[0;32m  OK  [0m] Stopped D-Bus System Message Bus.
[[0;32m  OK  [0m] Stopped FUSE filesystem for LXC.
[[0;32m  OK  [0m] Stopped Session 11 of user vagrant.
[[0;32m  OK  [0m] Stopped Availability of block devices.
[[0;32m  OK  [0m] Removed slice User Slice of vagrant.
         Stopping Login Service...
[[0;32m  OK  [0m] Removed slice system-getty.slice.
         Stopping Permit User Sessions...
[[0;32m  OK  [0m] Removed slice system-serial\x2dgetty.slice.
[[0;32m  OK  [0m] Stopped target Login Prompts (Pre).
[[0;32m  OK  [0m] Stopped LXD - container startup/shutdown.
[[0;32m  OK  [0m] Stopped LSB: Record successful boot for GRUB.
[[0;32m  OK  [0m] Stopped Permit User Sessions.
[[0;32m  OK  [0m] Stopped LSB: automatic crash report generation.
[[0;32m  OK  [0m] Stopped target Remote File Systems.
         Unmounting /test...
         Unmounting /vagrant...
[[0;32m  OK  [0m] Stopped Virtualbox guest utils.
[[0;32m  OK  [0m] Unmounted /test.
[[0;32m  OK  [0m] Stopped Login Service.
[[0;32m  OK  [0m] Unmounted /vagrant.
[[0;32m  OK  [0m] Stopped target Basic System.
[[0;32m  OK  [0m] Stopped target Slices.
[[0;32m  OK  [0m] Removed slice User and Session Slice.
[[0;32m  OK  [0m] Stopped target Paths.
[[0;32m  OK  [0m] Stopped ACPI Events Check.
[[0;32m  OK  [0m] Stopped target Sockets.
[[0;32m  OK  [0m] Closed LXD - unix socket.
[[0;32m  OK  [0m] Closed UUID daemon activation socket.
[[0;32m  OK  [0m] Closed cloud-init hotplug hook socket.
[[0;32m  OK  [0m] Closed Open-iSCSI iscsid Socket.
[[0;32m  OK  [0m] Closed Syslog Socket.
[[0;32m  OK  [0m] Closed ACPID Listen Socket.
[[0;32m  OK  [0m] Closed Socket activation for snappy daemon.
[[0;32m  OK  [0m] Closed D-Bus System Message Bus Socket.
[[0;32m  OK  [0m] Stopped target System Initialization.
[[0;32m  OK  [0m] Stopped target Local Encrypted Volumes.
[[0;32m  OK  [0m] Stopped Forward Password Requests to Wall Directory Watch.
[[0;32m  OK  [0m] Stopped Dispatch Password Requests to Console Directory Watch.
         Stopping Update UTMP about System Boot/Shutdown...
                Unmounting /test...
[[0;32m  OK  [0m] Stopped target Graphical Interface.
         Stopping Accounts Service...
         Unmounting /vagrant...
         Stopping User Manager for UID 1000...
[[0;32m  OK  [0m] Stopped target Host and Network Name Lookups.
[[0;32m  OK  [0m] Closed Load/Save RF Kill Switch Status /dev/rfkill Watch.
[[0;32m  OK  [0m] Stopped target Cloud-init target.
[[0;32m  OK  [0m] Stopped Execute cloud user/final scripts.
[[0;32m  OK  [0m] Stopped Apply the settings specified in cloud-config.
[[0;32m  OK  [0m] Stopped target Cloud-config availability.
[[0;32m  OK  [0m] Stopped target Multi-User System.
         Stopping Dispatcher daemon for systemd-networkd...
[[0;32m  OK  [0m] Stopped target Login Prompts.
         Stopping Getty on tty1...
         Stopping Serial Getty on ttyS0...         Stopping LSB: Record successful boot for GRUB...
         Stopping Deferred execution scheduler...
         Stopping D-Bus System Message Bus...
         Stopping irqbalance daemon...
         Stopping MySQL Community Server...
         Stopping Virtualbox guest utils...
         Stopping FUSE filesystem for LXC...
         Stopping LXD - container startup/shutdown...
         Stopping OpenBSD Secure Shell server...
[[0;32m  OK  [0m] Stopped Wait until snapd is fully seeded.
         Stopping Session 15 of user vagrant.
[[0;32m  OK  [0m] Stopped target Timers.
[[0;32m  OK  [0m] Stopped Discard unused blocks once a week.
[[0;32m  OK  [0m] Stopped Message of the Day.
[[0;32m  OK  [0m] Stopped Daily Cleanup of Temporary Directories.
[[0;32m  OK  [0m] Stopped Daily apt upgrade and clean activities.
[[0;32m  OK  [0m] Stopped Daily apt download activities.
[[0;32m  OK  [0m] Stopped target System Time Synchronized.
         Stopping Availability of block devices...
         Stopping System Logging Service...
         Stopping Authorization Manager...
         Stopping Regular background program processing daemon...
         Stopping LSB: automatic crash report generation...
[[0;32m  OK  [0m] Unmounted /var/lib/lxcfs.
[[0;32m  OK  [0m] Stopped irqbalance daemon.
[[0;32m  OK  [0m] Stopped Dispatcher daemon for systemd-networkd.
[[0;32m  OK  [0m] Stopped Deferred execution scheduler.
[[0;32m  OK  [0m] Stopped Accounts Service.
[[0;32m  OK  [0m] Stopped Regular background program processing daemon.
[[0;32m  OK  [0m] Stopped System Logging Service.
[[0;32m  OK  [0m] Stopped Authorization Manager.
[[0;32m  OK  [0m] Stopped Serial Getty on ttyS0.
[[0;32m  OK  [0m] Stopped Getty on tty1.
[[0;32m  OK  [0m] Stopped OpenBSD Secure Shell server.
[[0;32m  OK  [0m] Stopped User Manager for UID 1000.
[[0;32m  OK  [0m] Unmounted /test.
[[0;32m  OK  [0m] Stopped D-Bus System Message Bus.
[[0;32m  OK  [0m] Stopped FUSE filesystem for LXC.
[[0;32m  OK  [0m] Stopped Session 15 of user vagrant.
[[0;32m  OK  [0m] Unmounted /vagrant.
[[0;32m  OK  [0m] Stopped LXD - container startup/shutdown.
[[0;32m  OK  [0m] Stopped LSB: Record successful boot for GRUB.
[[0;32m  OK  [0m] Stopped target Remote File Systems (Pre).
[[0;32m  OK  [0m] Stopped target Network is Online.
[[0;32m  OK  [0m] Removed slice User Slice of vagrant.
         Stopping Login Service...
[[0;32m  OK  [0m] Removed slice system-getty.slice.
[[0;32m  OK  [0m] Removed slice system-serial\x2dgetty.slice.
[[0;32m  OK  [0m] Stopped target Login Prompts (Pre).
         Stopping Permit User Sessions...
[[0;32m  OK  [0m] Stopped Permit User Sessions.
[[0;32m  OK  [0m] Stopped LSB: automatic crash report generation.
[ 6488.908581] 01:47:51.281503 control  Guest control service stopped
[[0;32m  OK  [0m] Stopped Availability of block devices.
[[0;32m  OK  [0m] Stopped Virtualbox guest utils.
[ 6488.913552] 01:47:51.286479 control  Guest control worker returned with rc=VINF_SUCCESS
[ 6488.915443] 01:47:51.288389 main     Session 0 is about to close ...
[ 6488.916647] 01:47:51.289605 main     Stopping all guest processes ...
[ 6488.920055] 01:47:51.293003 main     Closing all guest files ...
[[0;32m  OK  [0m] Stopped Login Service.
[[0;32m  OK  [0m] Stopped target User and Group Name Lookups.
[ 6489.209227] 01:47:51.582226 main     Ended.
[[0;32m  OK  [0m] Stopped MySQL Community Server.
[[0;32m  OK  [0m] Stopped target Basic System.
[[0;32m  OK  [0m] Stopped target Slices.
[[0;32m  OK  [0m] Removed slice User and Session Slice.
[[0;32m  OK  [0m] Stopped target Paths.
[[0;32m  OK  [0m] Stopped ACPI Events Check.
[[0;32m  OK  [0m] Stopped target Sockets.
[[0;32m  OK  [0m] Closed UUID daemon activation socket.
[[0;32m  OK  [0m] Closed Socket activation for snappy daemon.
[[0;32m  OK  [0m] Closed Open-iSCSI iscsid Socket.
[[0;32m  OK  [0m] Closed D-Bus System Message Bus Socket.
[[0;32m  OK  [0m] Closed Syslog Socket.
[[0;32m  OK  [0m] Closed ACPID Listen Socket.
[[0;32m  OK  [0m] Closed LXD - unix socket.
[[0;32m  OK  [0m] Closed cloud-init hotplug hook socket.
[[0;32m  OK  [0m] Stopped target System Initialization.
         Stopping Load/Save Random Seed...
[[0;32m  OK  [0m] Stopped target Local Encrypted Volumes.
[[0;32m  OK  [0m] Stopped Forward Password Requests to Wall Directory Watch.
[[0;32m  OK  [0m] Stopped Dispatch Password Requests to Console Directory Watch.
         Stopping Update UTMP about System Boot/Shutdown...
[[0;32m  OK  [0m] Stopped Initial cloud-init job (metadata service crawler).
[[0;32m  OK  [0m] Stopped target Network.
         Stopping Network Name Resolution...
[[0;32m  OK  [0m] Stopped Load/Save Random Seed.
[[0;32m  OK  [0m] Stopped Update UTMP about System Boot/Shutdown.
[[0;32m  OK  [0m] Stopped Network Name Resolution.
         Stopping Network Service...
[[0;32m  OK  [0m] Stopped Create Volatile Files and Directories.
[[0;32m  OK  [0m] Stopped target Local File Systems.
[[0;32m  OK  [0m] Stopped target Mounted snaps.
[[0;32m  OK  [0m] Stopped target Mounting snaps.
         Unmounting /run/user/1000...
[[0;32m  OK  [0m] Unmounted /run/user/1000.
[[0;32m  OK  [0m] Reached target Unmount All Filesystems.
[[0;32m  OK  [0m] Stopped target Swap.
[[0;32m  OK  [0m] Stopped target Local File Systems (Pre).
[[0;32m  OK  [0m] Stopped Create Static Device Nodes in /dev.
         Stopping Monitoring of LVM2 mirrors…ng dmeventd or progress polling...
[[0;32m  OK  [0m] Stopped Monitoring of LVM2 mirrors,…sing dmeventd or progress polling.
         Stopping LVM2 metadata daemon...
[[0;32m  OK  [0m] Stopped LVM2 metadata daemon.
[[0;32m  OK  [0m] Stopped Network Service.
[[0;32m  OK  [0m] Stopped Apply Kernel Variables.
[[0;32m  OK  [0m] Stopped Load Kernel Modules.
[[0;32m  OK  [0m] Stopped target Network (Pre).
[[0;32m  OK  [0m] Stopped Initial cloud-init job (pre-networking).
[[0;32m  OK  [0m] Stopped Remount Root and Kernel File Systems.
[[0;32m  OK  [0m] Reached target Shutdown.
[[0;32m  OK  [0m] Reached target Final Step.
         Starting Power-Off...
[ 6490.249857] systemd-shutdow: 34 output lines suppressed due to ratelimiting
[ 6490.273171] systemd-shutdown[1]: Syncing filesystems and block devices.
[ 6520.267044] systemd-shutdown[1]: Syncing filesystems and block devices - timed out, issuing SIGKILL to PID 3548.
[ 6520.272574] systemd-shutdown[1]: Sending SIGTERM to remaining processes...
[ 6520.276259] systemd-journald[406]: Received SIGTERM from PID 1 (systemd-shutdow).
